#
# There is insufficient memory for the Java Runtime Environment to continue.
# Native memory allocation (malloc) failed to allocate 988336 bytes for Chunk::new
# Possible reasons:
#   The system is out of physical RAM or swap space
#   In 32 bit mode, the process size limit was hit
# Possible solutions:
#   Reduce memory load on the system
#   Increase physical memory or swap space
#   Check if swap backing store is full
#   Use 64 bit Java on a 64 bit OS
#   Decrease Java heap size (-Xmx/-Xms)
#   Decrease number of Java threads
#   Decrease Java thread stack sizes (-Xss)
#   Set larger code cache with -XX:ReservedCodeCacheSize=
# This output file may be truncated or incomplete.
#
#  Out of Memory Error (allocation.cpp:390), pid=5716, tid=0x0000000000002e90
#
# JRE version: OpenJDK Runtime Environment (8.0_152-b02) (build 1.8.0_152-release-1024-b02)
# Java VM: OpenJDK 64-Bit Server VM (25.152-b02 mixed mode windows-amd64 compressed oops)
# Failed to write core dump. Minidumps are not enabled by default on client versions of Windows
#

---------------  T H R E A D  ---------------

Current thread (0x000000001fee0800):  JavaThread "C2 CompilerThread1" daemon [_thread_in_native, id=11920, stack(0x00000000207d0000,0x00000000208d0000)]

Stack: [0x00000000207d0000,0x00000000208d0000]
[error occurred during error reporting (printing stack bounds), id 0xc0000005]

Native frames: (J=compiled Java code, j=interpreted, Vv=VM code, C=native code)


Current CompileTask:
C2:  66951 21405       4       java.net.URLClassLoader$1::run (5 bytes)


---------------  P R O C E S S  ---------------

Java Threads: ( => current thread )
  0x000000002535f000 JavaThread "pool-68-thread-1" [_thread_blocked, id=11380, stack(0x0000000043a80000,0x0000000043b80000)]
  0x0000000025365000 JavaThread "stdout" daemon [_thread_in_native, id=1872, stack(0x0000000043980000,0x0000000043a80000)]
  0x000000002535e000 JavaThread "stderr" daemon [_thread_in_native, id=1644, stack(0x0000000043880000,0x0000000043980000)]
  0x0000000025364000 JavaThread "stdout" daemon [_thread_in_native, id=6640, stack(0x0000000043780000,0x0000000043880000)]
  0x0000000025361000 JavaThread "stderr" daemon [_thread_in_native, id=11320, stack(0x0000000043680000,0x0000000043780000)]
  0x0000000027fd0000 JavaThread "stdout" daemon [_thread_in_native, id=12240, stack(0x0000000043380000,0x0000000043480000)]
  0x0000000027fce800 JavaThread "stderr" daemon [_thread_in_native, id=8632, stack(0x0000000043280000,0x0000000043380000)]
  0x0000000027fcf800 JavaThread "stdout" daemon [_thread_in_native, id=9268, stack(0x0000000043180000,0x0000000043280000)]
  0x0000000027fd1800 JavaThread "stderr" daemon [_thread_in_native, id=6908, stack(0x0000000043080000,0x0000000043180000)]
  0x0000000027fc7000 JavaThread "stdout" daemon [_thread_in_native, id=11236, stack(0x0000000042f80000,0x0000000043080000)]
  0x0000000027fce000 JavaThread "stderr" daemon [_thread_in_native, id=9616, stack(0x0000000042e80000,0x0000000042f80000)]
  0x0000000027fcd000 JavaThread "stdout" daemon [_thread_in_native, id=8176, stack(0x0000000042d80000,0x0000000042e80000)]
  0x0000000027fcc800 JavaThread "stderr" daemon [_thread_in_native, id=224, stack(0x0000000042c80000,0x0000000042d80000)]
  0x0000000027fc5800 JavaThread "stdout" daemon [_thread_in_native, id=3200, stack(0x0000000042b80000,0x0000000042c80000)]
  0x0000000027fc9800 JavaThread "stderr" daemon [_thread_in_native, id=10496, stack(0x0000000042a80000,0x0000000042b80000)]
  0x0000000027fc6800 JavaThread "queued-resource-processor_32" daemon [_thread_blocked, id=5252, stack(0x0000000042980000,0x0000000042a80000)]
  0x0000000027fc5000 JavaThread "queued-resource-processor_31" daemon [_thread_blocked, id=10428, stack(0x0000000042880000,0x0000000042980000)]
  0x0000000027fcb800 JavaThread "queued-resource-processor_30" daemon [_thread_blocked, id=10652, stack(0x0000000042780000,0x0000000042880000)]
  0x0000000027fc8800 JavaThread "queued-resource-processor_29" daemon [_thread_blocked, id=9388, stack(0x0000000042680000,0x0000000042780000)]
  0x0000000027fcb000 JavaThread "queued-resource-processor_28" daemon [_thread_blocked, id=612, stack(0x0000000042580000,0x0000000042680000)]
  0x0000000027fc4000 JavaThread "queued-resource-processor_26" daemon [_thread_blocked, id=11988, stack(0x0000000042380000,0x0000000042480000)]
  0x0000000027fc8000 JavaThread "queued-resource-processor_25" daemon [_thread_blocked, id=11960, stack(0x0000000042280000,0x0000000042380000)]
  0x0000000027fc3800 JavaThread "ForkJoinPool.commonPool-worker-6" daemon [_thread_blocked, id=11360, stack(0x000000003fc80000,0x000000003fd80000)]
  0x0000000021157800 JavaThread "ForkJoinPool.commonPool-worker-4" daemon [_thread_blocked, id=8460, stack(0x000000003e080000,0x000000003e180000)]
  0x000000002535d800 JavaThread "ForkJoinPool.commonPool-worker-7" daemon [_thread_blocked, id=12108, stack(0x0000000036b80000,0x0000000036c80000)]
  0x0000000025360800 JavaThread "ForkJoinPool.commonPool-worker-2" daemon [_thread_blocked, id=6176, stack(0x0000000036a80000,0x0000000036b80000)]
  0x0000000025356000 JavaThread "ForkJoinPool.commonPool-worker-1" daemon [_thread_blocked, id=8440, stack(0x0000000036980000,0x0000000036a80000)]
  0x000000002535c800 JavaThread "ForkJoinPool.commonPool-worker-0" daemon [_thread_blocked, id=11668, stack(0x0000000036880000,0x0000000036980000)]
  0x0000000023e98800 JavaThread "Task worker for ':' Thread 7" [_thread_blocked, id=6068, stack(0x0000000034e80000,0x0000000034f80000)]
  0x0000000023e90000 JavaThread "Task worker for ':' Thread 6" [_thread_blocked, id=11304, stack(0x0000000034d80000,0x0000000034e80000)]
  0x0000000023e91800 JavaThread "Task worker for ':' Thread 5" [_thread_blocked, id=3824, stack(0x0000000034c80000,0x0000000034d80000)]
  0x0000000023e97000 JavaThread "Task worker for ':' Thread 4" [_thread_blocked, id=10268, stack(0x0000000034b80000,0x0000000034c80000)]
  0x0000000023e8f000 JavaThread "Task worker for ':' Thread 3" [_thread_blocked, id=12100, stack(0x0000000034a80000,0x0000000034b80000)]
  0x0000000023e96000 JavaThread "Task worker for ':' Thread 2" [_thread_blocked, id=6388, stack(0x0000000034980000,0x0000000034a80000)]
  0x0000000023e8e800 JavaThread "Task worker for ':'" [_thread_in_Java, id=11620, stack(0x0000000034880000,0x0000000034980000)]
  0x0000000023e94800 JavaThread "Cache worker for Build Output Cleanup Cache (F:\WORKSPACES\AndroidStudioProjects\Taaroaa\Taaroaa\.gradle\buildOutputCleanup)" [_thread_blocked, id=11204, stack(0x0000000034780000,0x0000000034880000)]
  0x00000000248c3000 JavaThread "Cache worker for task history cache (F:\WORKSPACES\AndroidStudioProjects\Taaroaa\Taaroaa\.gradle\4.4\taskHistory)" [_thread_blocked, id=3804, stack(0x0000000034680000,0x0000000034780000)]
  0x00000000248c2800 JavaThread "Cache worker for file content cache (F:\WORKSPACES\AndroidStudioProjects\Taaroaa\Taaroaa\.gradle\4.4\fileContent)" [_thread_blocked, id=4636, stack(0x0000000034580000,0x0000000034680000)]
  0x00000000248c1800 JavaThread "build operations Thread 8" [_thread_blocked, id=9452, stack(0x0000000034480000,0x0000000034580000)]
  0x00000000248c1000 JavaThread "build operations Thread 7" [_thread_blocked, id=10412, stack(0x0000000034380000,0x0000000034480000)]
  0x00000000248c0000 JavaThread "build operations Thread 6" [_thread_blocked, id=12232, stack(0x0000000034280000,0x0000000034380000)]
  0x00000000248b8800 JavaThread "build operations Thread 5" [_thread_blocked, id=11548, stack(0x0000000034180000,0x0000000034280000)]
  0x00000000248bf800 JavaThread "build operations Thread 4" [_thread_blocked, id=7332, stack(0x0000000034080000,0x0000000034180000)]
  0x00000000248b8000 JavaThread "build operations Thread 3" [_thread_blocked, id=9260, stack(0x0000000033f80000,0x0000000034080000)]
  0x00000000248be800 JavaThread "build operations Thread 2" [_thread_blocked, id=2412, stack(0x0000000033e80000,0x0000000033f80000)]
  0x00000000248be000 JavaThread "build operations" [_thread_blocked, id=2836, stack(0x0000000033d80000,0x0000000033e80000)]
  0x00000000248b6800 JavaThread "Cache worker for Artifact transforms cache (C:\Users\khris\.gradle\caches\transforms-1)" [_thread_blocked, id=4628, stack(0x0000000033c80000,0x0000000033d80000)]
  0x00000000248bd000 JavaThread "Cache worker for file hash cache (F:\WORKSPACES\AndroidStudioProjects\Taaroaa\Taaroaa\.gradle\4.4\fileHashes)" [_thread_blocked, id=5652, stack(0x0000000033b80000,0x0000000033c80000)]
  0x00000000248bc800 JavaThread "Stdin handler" [_thread_blocked, id=11452, stack(0x0000000033a80000,0x0000000033b80000)]
  0x00000000248b5000 JavaThread "Asynchronous log dispatcher for DefaultDaemonConnection: socket connection from /127.0.0.1:54009 to /127.0.0.1:54078" [_thread_blocked, id=10488, stack(0x0000000033980000,0x0000000033a80000)]
  0x00000000248b5800 JavaThread "Cancel handler" [_thread_blocked, id=10848, stack(0x0000000033880000,0x0000000033980000)]
  0x00000000248bb800 JavaThread "Handler for socket connection from /127.0.0.1:54009 to /127.0.0.1:54078" [_thread_in_native, id=7468, stack(0x0000000033780000,0x0000000033880000)]
  0x0000000025363800 JavaThread "ForkJoinPool.commonPool-worker-5" daemon [_thread_blocked, id=5336, stack(0x00000000310b0000,0x00000000311b0000)]
  0x0000000025356800 JavaThread "ForkJoinPool.commonPool-worker-3" daemon [_thread_blocked, id=12004, stack(0x0000000030eb0000,0x0000000030fb0000)]
  0x000000002177d800 JavaThread "Worker Daemon Execution Thread 12" [_thread_blocked, id=10480, stack(0x000000002d590000,0x000000002d690000)]
  0x000000002115c800 JavaThread "Worker Daemon Execution Thread 11" [_thread_blocked, id=316, stack(0x000000002d490000,0x000000002d590000)]
  0x0000000021162800 JavaThread "Java2D Disposer" daemon [_thread_blocked, id=10992, stack(0x000000002d390000,0x000000002d490000)]
  0x0000000021160000 JavaThread "Worker Daemon Execution Thread 10" [_thread_blocked, id=2664, stack(0x000000002d210000,0x000000002d310000)]
  0x000000002115a800 JavaThread "Worker Daemon Execution Thread 9" [_thread_blocked, id=5720, stack(0x000000002d110000,0x000000002d210000)]
  0x000000002115e800 JavaThread "Worker Daemon Execution Thread 8" [_thread_blocked, id=5616, stack(0x000000002d010000,0x000000002d110000)]
  0x000000002115d000 JavaThread "Worker Daemon Execution Thread 7" [_thread_blocked, id=7832, stack(0x000000002cf10000,0x000000002d010000)]
  0x000000002115e000 JavaThread "Worker Daemon Execution Thread 6" [_thread_blocked, id=1980, stack(0x000000002cc10000,0x000000002cd10000)]
  0x000000002115b800 JavaThread "Worker Daemon Execution Thread 5" [_thread_blocked, id=8896, stack(0x000000002cb10000,0x000000002cc10000)]
  0x0000000021161800 JavaThread "Worker Daemon Execution Thread 4" [_thread_blocked, id=1668, stack(0x000000002ca10000,0x000000002cb10000)]
  0x0000000021153000 JavaThread "Worker Daemon Execution Thread 3" [_thread_blocked, id=4244, stack(0x000000002c910000,0x000000002ca10000)]
  0x0000000021159000 JavaThread "Worker Daemon Execution Thread 2" [_thread_blocked, id=4128, stack(0x000000002c810000,0x000000002c910000)]
  0x0000000021154800 JavaThread "Worker Daemon Execution" [_thread_blocked, id=6904, stack(0x000000002c710000,0x000000002c810000)]
  0x0000000023e8d000 JavaThread "Memory manager" [_thread_blocked, id=8672, stack(0x000000002a970000,0x000000002aa70000)]
  0x0000000022204000 JavaThread "File lock request listener" [_thread_in_native, id=1504, stack(0x0000000023ba0000,0x0000000023ca0000)]
  0x0000000021e45000 JavaThread "Cache worker for file hash cache (C:\Users\khris\.gradle\caches\4.4\fileHashes)" [_thread_blocked, id=3776, stack(0x0000000023aa0000,0x0000000023ba0000)]
  0x0000000021c9f800 JavaThread "Daemon worker" [_thread_blocked, id=11140, stack(0x00000000234a0000,0x00000000235a0000)]
  0x0000000021bb3000 JavaThread "Daemon" [_thread_blocked, id=11716, stack(0x0000000022fa0000,0x00000000230a0000)]
  0x0000000021411000 JavaThread "Daemon periodic checks" [_thread_blocked, id=11280, stack(0x0000000022ea0000,0x0000000022fa0000)]
  0x0000000021142800 JavaThread "Incoming local TCP Connector on port 54009" [_thread_in_native, id=5708, stack(0x00000000229e0000,0x0000000022ae0000)]
  0x000000001ff24800 JavaThread "Service Thread" daemon [_thread_blocked, id=5704, stack(0x0000000020ad0000,0x0000000020bd0000)]
  0x000000001fee8000 JavaThread "C1 CompilerThread3" daemon [_thread_blocked, id=6228, stack(0x00000000209d0000,0x0000000020ad0000)]
  0x000000001fee2000 JavaThread "C2 CompilerThread2" daemon [_thread_blocked, id=11180, stack(0x00000000208d0000,0x00000000209d0000)]
=>0x000000001fee0800 JavaThread "C2 CompilerThread1" daemon [_thread_in_native, id=11920, stack(0x00000000207d0000,0x00000000208d0000)]
  0x000000001fedc800 JavaThread "C2 CompilerThread0" daemon [_thread_in_native, id=2020, stack(0x00000000206d0000,0x00000000207d0000)]
  0x000000001fedb800 JavaThread "Attach Listener" daemon [_thread_blocked, id=7340, stack(0x00000000205d0000,0x00000000206d0000)]
  0x000000001fed8800 JavaThread "Signal Dispatcher" daemon [_thread_blocked, id=2620, stack(0x00000000204d0000,0x00000000205d0000)]
  0x000000001fed0800 JavaThread "Finalizer" daemon [_thread_blocked, id=2436, stack(0x00000000202b0000,0x00000000203b0000)]
  0x000000001dfcb000 JavaThread "Reference Handler" daemon [_thread_blocked, id=5912, stack(0x000000001fdb0000,0x000000001feb0000)]
  0x00000000043b3800 JavaThread "main" [_thread_blocked, id=10328, stack(0x00000000042b0000,0x00000000043b0000)]

Other Threads:
  0x000000001dfc6800 VMThread [stack: 0x000000001fcb0000,0x000000001fdb0000] [id=1344]
  0x000000001ff25800 WatcherThread [stack: 0x0000000020bd0000,0x0000000020cd0000] [id=4228]

VM state:not at safepoint (normal execution)

VM Mutex/Monitor currently owned by a thread: None

Heap:
 PSYoungGen      total 837120K, used 618182K [0x000000076ab00000, 0x00000007a7780000, 0x00000007c0000000)
  eden space 752128K, 70% used [0x000000076ab00000,0x000000078b3b6b70,0x0000000798980000)
  from space 84992K, 99% used [0x000000079ee00000,0x00000007a40fae88,0x00000007a4100000)
  to   space 102912K, 0% used [0x0000000798980000,0x0000000798980000,0x000000079ee00000)
 ParOldGen       total 390144K, used 147745K [0x00000006c0000000, 0x00000006d7d00000, 0x000000076ab00000)
  object space 390144K, 37% used [0x00000006c0000000,0x00000006c90484b8,0x00000006d7d00000)
 Metaspace       used 84423K, capacity 87884K, committed 89176K, reserved 1126400K
  class space    used 10566K, capacity 11316K, committed 11648K, reserved 1048576K

Card table byte_map: [0x0000000013870000,0x0000000014080000] byte_map_base: 0x0000000010270000

Marking Bits: (ParMarkBitMap*) 0x000000006b174970
 Begin Bits: [0x0000000014de0000, 0x0000000018de0000)
 End Bits:   [0x0000000018de0000, 0x000000001cde0000)

Polling page: 0x0000000002af0000

CodeCache: size=245760Kb used=57842Kb max_used=58188Kb free=187917Kb
 bounds [0x00000000044b0000, 0x0000000007de0000, 0x00000000134b0000]
 total_blobs=17254 nmethods=16298 adapters=868
 compilation: enabled

Compilation events (10 events):
Event: 66.835 Thread 0x000000001fee8000 21403       3       sun.security.provider.DigestBase::engineReset (25 bytes)
Event: 66.836 Thread 0x000000001fee2000 21404       4       java.security.MessageDigest::update (14 bytes)
Event: 66.836 Thread 0x000000001fee8000 nmethod 21403 0x0000000006415e50 code [0x0000000006415fc0, 0x0000000006416248]
Event: 66.840 Thread 0x000000001fee2000 nmethod 21404 0x0000000004791710 code [0x0000000004791880, 0x0000000004791c98]
Event: 66.877 Thread 0x000000001fee0800 21405       4       java.net.URLClassLoader$1::run (5 bytes)
Event: 66.882 Thread 0x000000001fedc800 21406   !   4       java.net.URLClassLoader$1::run (63 bytes)
Event: 66.894 Thread 0x000000001fee8000 21407       3       sun.security.util.DerInputStream::getBytes (29 bytes)
Event: 66.895 Thread 0x000000001fee8000 nmethod 21407 0x00000000063b2d50 code [0x00000000063b2ee0, 0x00000000063b3318]
Event: 66.920 Thread 0x000000001fee8000 21408       3       java.util.zip.Inflater::inflate (9 bytes)
Event: 66.921 Thread 0x000000001fee8000 nmethod 21408 0x0000000007d9fb50 code [0x0000000007d9fcc0, 0x0000000007d9fe48]

GC Heap History (10 events):
Event: 42.711 GC heap before
{Heap before GC invocations=18 (full 4):
 PSYoungGen      total 587776K, used 54243K [0x000000076ab00000, 0x000000079b880000, 0x00000007c0000000)
  eden space 533504K, 0% used [0x000000076ab00000,0x000000076ab00000,0x000000078b400000)
  from space 54272K, 99% used [0x0000000791380000,0x0000000794878c38,0x0000000794880000)
  to   space 97792K, 0% used [0x000000078b400000,0x000000078b400000,0x0000000791380000)
 ParOldGen       total 234496K, used 197225K [0x00000006c0000000, 0x00000006ce500000, 0x000000076ab00000)
  object space 234496K, 84% used [0x00000006c0000000,0x00000006cc09a738,0x00000006ce500000)
 Metaspace       used 78324K, capacity 82526K, committed 82776K, reserved 1120256K
  class space    used 10183K, capacity 11014K, committed 11136K, reserved 1048576K
Event: 43.141 GC heap after
Heap after GC invocations=18 (full 4):
 PSYoungGen      total 587776K, used 0K [0x000000076ab00000, 0x000000079b880000, 0x00000007c0000000)
  eden space 533504K, 0% used [0x000000076ab00000,0x000000076ab00000,0x000000078b400000)
  from space 54272K, 0% used [0x0000000791380000,0x0000000791380000,0x0000000794880000)
  to   space 97792K, 0% used [0x000000078b400000,0x000000078b400000,0x0000000791380000)
 ParOldGen       total 390144K, used 135801K [0x00000006c0000000, 0x00000006d7d00000, 0x000000076ab00000)
  object space 390144K, 34% used [0x00000006c0000000,0x00000006c849e660,0x00000006d7d00000)
 Metaspace       used 76607K, capacity 79286K, committed 82776K, reserved 1120256K
  class space    used 9800K, capacity 10390K, committed 11136K, reserved 1048576K
}
Event: 44.292 GC heap before
{Heap before GC invocations=19 (full 4):
 PSYoungGen      total 587776K, used 532802K [0x000000076ab00000, 0x000000079b880000, 0x00000007c0000000)
  eden space 533504K, 99% used [0x000000076ab00000,0x000000078b350b70,0x000000078b400000)
  from space 54272K, 0% used [0x0000000791380000,0x0000000791380000,0x0000000794880000)
  to   space 97792K, 0% used [0x000000078b400000,0x000000078b400000,0x0000000791380000)
 ParOldGen       total 390144K, used 135801K [0x00000006c0000000, 0x00000006d7d00000, 0x000000076ab00000)
  object space 390144K, 34% used [0x00000006c0000000,0x00000006c849e660,0x00000006d7d00000)
 Metaspace       used 77970K, capacity 80786K, committed 83032K, reserved 1122304K
  class space    used 9987K, capacity 10620K, committed 11136K, reserved 1048576K
Event: 44.306 GC heap after
Heap after GC invocations=19 (full 4):
 PSYoungGen      total 631296K, used 32216K [0x000000076ab00000, 0x000000079fd80000, 0x00000007c0000000)
  eden space 533504K, 0% used [0x000000076ab00000,0x000000076ab00000,0x000000078b400000)
  from space 97792K, 32% used [0x000000078b400000,0x000000078d376318,0x0000000791380000)
  to   space 92160K, 0% used [0x000000079a380000,0x000000079a380000,0x000000079fd80000)
 ParOldGen       total 390144K, used 135809K [0x00000006c0000000, 0x00000006d7d00000, 0x000000076ab00000)
  object space 390144K, 34% used [0x00000006c0000000,0x00000006c84a0660,0x00000006d7d00000)
 Metaspace       used 77970K, capacity 80786K, committed 83032K, reserved 1122304K
  class space    used 9987K, capacity 10620K, committed 11136K, reserved 1048576K
}
Event: 52.170 GC heap before
{Heap before GC invocations=20 (full 4):
 PSYoungGen      total 631296K, used 565720K [0x000000076ab00000, 0x000000079fd80000, 0x00000007c0000000)
  eden space 533504K, 100% used [0x000000076ab00000,0x000000078b400000,0x000000078b400000)
  from space 97792K, 32% used [0x000000078b400000,0x000000078d376318,0x0000000791380000)
  to   space 92160K, 0% used [0x000000079a380000,0x000000079a380000,0x000000079fd80000)
 ParOldGen       total 390144K, used 135809K [0x00000006c0000000, 0x00000006d7d00000, 0x000000076ab00000)
  object space 390144K, 34% used [0x00000006c0000000,0x00000006c84a0660,0x00000006d7d00000)
 Metaspace       used 81218K, capacity 84282K, committed 86104K, reserved 1124352K
  class space    used 10279K, capacity 10954K, committed 11392K, reserved 1048576K
Event: 52.187 GC heap after
Heap after GC invocations=20 (full 4):
 PSYoungGen      total 733696K, used 28012K [0x000000076ab00000, 0x000000079e300000, 0x00000007c0000000)
  eden space 668672K, 0% used [0x000000076ab00000,0x000000076ab00000,0x0000000793800000)
  from space 65024K, 43% used [0x000000079a380000,0x000000079bedb3d0,0x000000079e300000)
  to   space 87552K, 0% used [0x0000000793800000,0x0000000793800000,0x0000000798d80000)
 ParOldGen       total 390144K, used 135817K [0x00000006c0000000, 0x00000006d7d00000, 0x000000076ab00000)
  object space 390144K, 34% used [0x00000006c0000000,0x00000006c84a2660,0x00000006d7d00000)
 Metaspace       used 81218K, capacity 84282K, committed 86104K, reserved 1124352K
  class space    used 10279K, capacity 10954K, committed 11392K, reserved 1048576K
}
Event: 60.896 GC heap before
{Heap before GC invocations=21 (full 4):
 PSYoungGen      total 733696K, used 696684K [0x000000076ab00000, 0x000000079e300000, 0x00000007c0000000)
  eden space 668672K, 100% used [0x000000076ab00000,0x0000000793800000,0x0000000793800000)
  from space 65024K, 43% used [0x000000079a380000,0x000000079bedb3d0,0x000000079e300000)
  to   space 87552K, 0% used [0x0000000793800000,0x0000000793800000,0x0000000798d80000)
 ParOldGen       total 390144K, used 135817K [0x00000006c0000000, 0x00000006d7d00000, 0x000000076ab00000)
  object space 390144K, 34% used [0x00000006c0000000,0x00000006c84a2660,0x00000006d7d00000)
 Metaspace       used 83778K, capacity 87124K, committed 88408K, reserved 1126400K
  class space    used 10521K, capacity 11232K, committed 11648K, reserved 1048576K
Event: 60.925 GC heap after
Heap after GC invocations=21 (full 4):
 PSYoungGen      total 756224K, used 41453K [0x000000076ab00000, 0x00000007a4100000, 0x00000007c0000000)
  eden space 668672K, 0% used [0x000000076ab00000,0x000000076ab00000,0x0000000793800000)
  from space 87552K, 47% used [0x0000000793800000,0x000000079607b4f0,0x0000000798d80000)
  to   space 84992K, 0% used [0x000000079ee00000,0x000000079ee00000,0x00000007a4100000)
 ParOldGen       total 390144K, used 135825K [0x00000006c0000000, 0x00000006d7d00000, 0x000000076ab00000)
  object space 390144K, 34% used [0x00000006c0000000,0x00000006c84a4660,0x00000006d7d00000)
 Metaspace       used 83778K, capacity 87124K, committed 88408K, reserved 1126400K
  class space    used 10521K, capacity 11232K, committed 11648K, reserved 1048576K
}
Event: 64.120 GC heap before
{Heap before GC invocations=22 (full 4):
 PSYoungGen      total 756224K, used 710125K [0x000000076ab00000, 0x00000007a4100000, 0x00000007c0000000)
  eden space 668672K, 100% used [0x000000076ab00000,0x0000000793800000,0x0000000793800000)
  from space 87552K, 47% used [0x0000000793800000,0x000000079607b4f0,0x0000000798d80000)
  to   space 84992K, 0% used [0x000000079ee00000,0x000000079ee00000,0x00000007a4100000)
 ParOldGen       total 390144K, used 135825K [0x00000006c0000000, 0x00000006d7d00000, 0x000000076ab00000)
  object space 390144K, 34% used [0x00000006c0000000,0x00000006c84a4660,0x00000006d7d00000)
 Metaspace       used 84027K, capacity 87412K, committed 88664K, reserved 1126400K
  class space    used 10522K, capacity 11232K, committed 11648K, reserved 1048576K
Event: 64.180 GC heap after
Heap after GC invocations=22 (full 4):
 PSYoungGen      total 837120K, used 84971K [0x000000076ab00000, 0x00000007a7780000, 0x00000007c0000000)
  eden space 752128K, 0% used [0x000000076ab00000,0x000000076ab00000,0x0000000798980000)
  from space 84992K, 99% used [0x000000079ee00000,0x00000007a40fae88,0x00000007a4100000)
  to   space 102912K, 0% used [0x0000000798980000,0x0000000798980000,0x000000079ee00000)
 ParOldGen       total 390144K, used 147745K [0x00000006c0000000, 0x00000006d7d00000, 0x000000076ab00000)
  object space 390144K, 37% used [0x00000006c0000000,0x00000006c90484b8,0x00000006d7d00000)
 Metaspace       used 84027K, capacity 87412K, committed 88664K, reserved 1126400K
  class space    used 10522K, capacity 11232K, committed 11648K, reserved 1048576K
}

Deoptimization events (10 events):
Event: 66.663 Thread 0x00000000248b5000 Uncommon trap: reason=bimorphic action=maybe_recompile pc=0x000000000556a468 method=java.io.ObjectOutputStream$BlockDataOutputStream.write([BIIZ)V @ 23
Event: 66.663 Thread 0x00000000248b5000 Uncommon trap: reason=class_check action=maybe_recompile pc=0x000000000662c5ac method=java.io.ObjectOutputStream.writeNonProxyDesc(Ljava/io/ObjectStreamClass;Z)V @ 44
Event: 66.664 Thread 0x00000000248b5000 Uncommon trap: reason=class_check action=maybe_recompile pc=0x0000000006329288 method=java.io.ObjectOutputStream.writeNonProxyDesc(Ljava/io/ObjectStreamClass;Z)V @ 44
Event: 66.664 Thread 0x00000000248b5000 Uncommon trap: reason=bimorphic action=maybe_recompile pc=0x000000000556a468 method=java.io.ObjectOutputStream$BlockDataOutputStream.write([BIIZ)V @ 23
Event: 66.664 Thread 0x00000000248b5000 Uncommon trap: reason=bimorphic action=maybe_recompile pc=0x000000000556a468 method=java.io.ObjectOutputStream$BlockDataOutputStream.write([BIIZ)V @ 23
Event: 66.664 Thread 0x00000000248b5000 Uncommon trap: reason=bimorphic action=maybe_recompile pc=0x000000000556a468 method=java.io.ObjectOutputStream$BlockDataOutputStream.write([BIIZ)V @ 23
Event: 66.665 Thread 0x00000000248b5000 Uncommon trap: reason=unstable_if action=reinterpret pc=0x0000000006d77fe8 method=java.io.ObjectStreamClass.hasWriteReplaceMethod()Z @ 8
Event: 66.835 Thread 0x0000000023e8e800 Uncommon trap: reason=class_check action=maybe_recompile pc=0x0000000005f764c4 method=java.io.DataInputStream.read([BII)I @ 7
Event: 66.835 Thread 0x0000000023e8e800 Uncommon trap: reason=class_check action=maybe_recompile pc=0x0000000005f764c4 method=java.io.DataInputStream.read([BII)I @ 7
Event: 66.883 Thread 0x0000000023e8e800 Uncommon trap: reason=unstable_if action=reinterpret pc=0x0000000005364100 method=java.lang.StringCoding$StringDecoder.decode([BII)[C @ 33

Classes redefined (0 events):
No events

Internal exceptions (10 events):
Event: 65.340 Thread 0x0000000025362000 Exception <a 'sun/nio/fs/WindowsException'> (0x0000000779a2a7c0) thrown at [D:\src\AOSP-openjdk-cygwin\jdk8u\hotspot\src\share\vm\prims\jni.cpp, line 709]
Event: 65.342 Thread 0x000000002535f000 Exception <a 'sun/nio/fs/WindowsException'> (0x000000077a21b1b8) thrown at [D:\src\AOSP-openjdk-cygwin\jdk8u\hotspot\src\share\vm\prims\jni.cpp, line 709]
Event: 65.345 Thread 0x0000000025363800 Exception <a 'sun/nio/fs/WindowsException'> (0x000000077a4f7950) thrown at [D:\src\AOSP-openjdk-cygwin\jdk8u\hotspot\src\share\vm\prims\jni.cpp, line 709]
Event: 65.350 Thread 0x0000000023e93000 Exception <a 'sun/nio/fs/WindowsException'> (0x000000077a70c750) thrown at [D:\src\AOSP-openjdk-cygwin\jdk8u\hotspot\src\share\vm\prims\jni.cpp, line 709]
Event: 65.354 Thread 0x0000000027fc3800 Exception <a 'sun/nio/fs/WindowsException'> (0x0000000778ae4430) thrown at [D:\src\AOSP-openjdk-cygwin\jdk8u\hotspot\src\share\vm\prims\jni.cpp, line 709]
Event: 65.363 Thread 0x0000000023e9a000 Exception <a 'sun/nio/fs/WindowsException'> (0x000000077a955298) thrown at [D:\src\AOSP-openjdk-cygwin\jdk8u\hotspot\src\share\vm\prims\jni.cpp, line 709]
Event: 65.364 Thread 0x0000000023e92800 Exception <a 'sun/nio/fs/WindowsException'> (0x000000077ad66cd0) thrown at [D:\src\AOSP-openjdk-cygwin\jdk8u\hotspot\src\share\vm\prims\jni.cpp, line 709]
Event: 65.380 Thread 0x0000000027fc4000 Exception <a 'sun/nio/fs/WindowsException'> (0x000000077b452e20) thrown at [D:\src\AOSP-openjdk-cygwin\jdk8u\hotspot\src\share\vm\prims\jni.cpp, line 709]
Event: 66.492 Thread 0x0000000027fc8800 Exception <a 'sun/nio/fs/WindowsException'> (0x000000078a197628) thrown at [D:\src\AOSP-openjdk-cygwin\jdk8u\hotspot\src\share\vm\prims\jni.cpp, line 709]
Event: 66.663 Thread 0x00000000248b5000 Exception <a 'java/lang/NoSuchMethodError': <clinit>> (0x000000078b0c82a0) thrown at [D:\src\AOSP-openjdk-cygwin\jdk8u\hotspot\src\share\vm\prims\jni.cpp, line 1613]

Events (10 events):
Event: 66.895 Thread 0x000000001fee8000 flushing nmethod 0x00000000073a8650
Event: 66.896 Thread 0x000000001fee8000 flushing nmethod 0x0000000007704410
Event: 66.896 Thread 0x000000001fee8000 flushing nmethod 0x000000000771c4d0
Event: 66.896 Thread 0x000000001fee8000 flushing nmethod 0x00000000077ee1d0
Event: 66.921 Thread 0x000000001fee8000 flushing nmethod 0x00000000077fcb50
Event: 66.921 Thread 0x000000001fee8000 flushing nmethod 0x0000000007885510
Event: 66.921 Thread 0x000000001fee8000 flushing nmethod 0x000000000792f650
Event: 66.921 Thread 0x000000001fee8000 flushing nmethod 0x000000000793a990
Event: 66.921 Thread 0x000000001fee8000 flushing nmethod 0x0000000007971ad0
Event: 66.921 Thread 0x000000001fee8000 flushing nmethod 0x0000000007988410


Dynamic libraries:
0x00007ff728ac0000 - 0x00007ff728af1000 	C:\Program Files\Android\Android Studio\jre\bin\java.exe
0x00007ffb6af20000 - 0x00007ffb6b100000 	C:\WINDOWS\SYSTEM32\ntdll.dll
0x00007ffb68de0000 - 0x00007ffb68e8e000 	C:\WINDOWS\System32\KERNEL32.DLL
0x00007ffb680e0000 - 0x00007ffb68346000 	C:\WINDOWS\System32\KERNELBASE.dll
0x00007ffb69400000 - 0x00007ffb694a1000 	C:\WINDOWS\System32\ADVAPI32.dll
0x00007ffb68c20000 - 0x00007ffb68cbd000 	C:\WINDOWS\System32\msvcrt.dll
0x00007ffb68a10000 - 0x00007ffb68a6b000 	C:\WINDOWS\System32\sechost.dll
0x00007ffb68e90000 - 0x00007ffb68faf000 	C:\WINDOWS\System32\RPCRT4.dll
0x00007ffb6abb0000 - 0x00007ffb6ad3f000 	C:\WINDOWS\System32\USER32.dll
0x00007ffb680c0000 - 0x00007ffb680e0000 	C:\WINDOWS\System32\win32u.dll
0x00007ffb68a70000 - 0x00007ffb68a98000 	C:\WINDOWS\System32\GDI32.dll
0x00007ffb67ca0000 - 0x00007ffb67e33000 	C:\WINDOWS\System32\gdi32full.dll
0x00007ffb68350000 - 0x00007ffb683eb000 	C:\WINDOWS\System32\msvcp_win.dll
0x00007ffb67af0000 - 0x00007ffb67be6000 	C:\WINDOWS\System32\ucrtbase.dll
0x00007ffb59740000 - 0x00007ffb599a9000 	C:\WINDOWS\WinSxS\amd64_microsoft.windows.common-controls_6595b64144ccf1df_6.0.16299.371_none_15c7d1789365a290\COMCTL32.dll
0x00007ffb68590000 - 0x00007ffb68898000 	C:\WINDOWS\System32\combase.dll
0x00007ffb67a70000 - 0x00007ffb67ae2000 	C:\WINDOWS\System32\bcryptPrimitives.dll
0x00007ffb69530000 - 0x00007ffb6955d000 	C:\WINDOWS\System32\IMM32.DLL
0x0000000068260000 - 0x0000000068332000 	C:\Program Files\Android\Android Studio\jre\jre\bin\msvcr100.dll
0x000000006a9b0000 - 0x000000006b1ef000 	C:\Program Files\Android\Android Studio\jre\jre\bin\server\jvm.dll
0x00007ffb68aa0000 - 0x00007ffb68aa8000 	C:\WINDOWS\System32\PSAPI.DLL
0x00007ffb622d0000 - 0x00007ffb622f3000 	C:\WINDOWS\SYSTEM32\WINMM.dll
0x00007ffb61760000 - 0x00007ffb6176a000 	C:\WINDOWS\SYSTEM32\VERSION.dll
0x00007ffb42670000 - 0x00007ffb42679000 	C:\WINDOWS\SYSTEM32\WSOCK32.dll
0x00007ffb6ad50000 - 0x00007ffb6adbc000 	C:\WINDOWS\System32\WS2_32.dll
0x00007ffb61eb0000 - 0x00007ffb61eda000 	C:\WINDOWS\SYSTEM32\WINMMBASE.dll
0x00007ffb67ea0000 - 0x00007ffb67eea000 	C:\WINDOWS\System32\cfgmgr32.dll
0x00007ffb64000000 - 0x00007ffb6400f000 	C:\Program Files\Android\Android Studio\jre\jre\bin\verify.dll
0x00007ffb61450000 - 0x00007ffb61479000 	C:\Program Files\Android\Android Studio\jre\jre\bin\java.dll
0x00007ffb63fa0000 - 0x00007ffb63fb6000 	C:\Program Files\Android\Android Studio\jre\jre\bin\zip.dll
0x00007ffb696d0000 - 0x00007ffb6ab06000 	C:\WINDOWS\System32\SHELL32.dll
0x00007ffb68cd0000 - 0x00007ffb68d76000 	C:\WINDOWS\System32\shcore.dll
0x00007ffb67320000 - 0x00007ffb67a67000 	C:\WINDOWS\System32\windows.storage.dll
0x00007ffb68d80000 - 0x00007ffb68dd1000 	C:\WINDOWS\System32\shlwapi.dll
0x00007ffb67300000 - 0x00007ffb67311000 	C:\WINDOWS\System32\kernel.appcore.dll
0x00007ffb672b0000 - 0x00007ffb672fc000 	C:\WINDOWS\System32\powrprof.dll
0x00007ffb67270000 - 0x00007ffb6728b000 	C:\WINDOWS\System32\profapi.dll
0x00007ffb63f20000 - 0x00007ffb63f3a000 	C:\Program Files\Android\Android Studio\jre\jre\bin\net.dll
0x00007ffb66b00000 - 0x00007ffb66b66000 	C:\WINDOWS\system32\mswsock.dll
0x00007ffb60220000 - 0x00007ffb60231000 	C:\Program Files\Android\Android Studio\jre\jre\bin\nio.dll
0x00007ffb60240000 - 0x00007ffb6025e000 	C:\Users\khris\.gradle\native\25\windows-amd64\native-platform.dll
0x00007ffb63ed0000 - 0x00007ffb63edd000 	C:\Program Files\Android\Android Studio\jre\jre\bin\management.dll
0x00007ffb66cc0000 - 0x00007ffb66cd7000 	C:\WINDOWS\SYSTEM32\CRYPTSP.dll
0x00007ffb66700000 - 0x00007ffb66733000 	C:\WINDOWS\system32\rsaenh.dll
0x00007ffb66dd0000 - 0x00007ffb66df5000 	C:\WINDOWS\SYSTEM32\bcrypt.dll
0x00007ffb671a0000 - 0x00007ffb671c9000 	C:\WINDOWS\SYSTEM32\USERENV.dll
0x00007ffb66ce0000 - 0x00007ffb66ceb000 	C:\WINDOWS\SYSTEM32\CRYPTBASE.dll
0x00007ffb66890000 - 0x00007ffb668c9000 	C:\WINDOWS\SYSTEM32\IPHLPAPI.DLL
0x00007ffb68cc0000 - 0x00007ffb68cc8000 	C:\WINDOWS\System32\NSI.dll
0x00007ffb626b0000 - 0x00007ffb626c6000 	C:\WINDOWS\SYSTEM32\dhcpcsvc6.DLL
0x00007ffb62440000 - 0x00007ffb6245a000 	C:\WINDOWS\SYSTEM32\dhcpcsvc.DLL
0x00007ffb4c7b0000 - 0x00007ffb4c946000 	C:\Program Files\Android\Android Studio\jre\jre\bin\awt.dll
0x00007ffb6ae20000 - 0x00007ffb6aee5000 	C:\WINDOWS\System32\OLEAUT32.dll
0x00007ffb64740000 - 0x00007ffb64cf8000 	C:\WINDOWS\SYSTEM32\d2d1.dll
0x00007ffb67ef0000 - 0x00007ffb680be000 	C:\WINDOWS\System32\CRYPT32.dll
0x00007ffb67290000 - 0x00007ffb672a2000 	C:\WINDOWS\System32\MSASN1.dll
0x00007ffb65310000 - 0x00007ffb65398000 	C:\WINDOWS\SYSTEM32\apphelp.dll
0x00007ffb65800000 - 0x00007ffb6582a000 	C:\WINDOWS\system32\DWMAPI.DLL
0x00007ffb654d0000 - 0x00007ffb65565000 	C:\WINDOWS\system32\uxtheme.dll
0x00007ffb663a0000 - 0x00007ffb663d1000 	C:\WINDOWS\SYSTEM32\ntmarta.dll

VM Arguments:
jvm_args: -Xmx1536m -Dfile.encoding=windows-1252 -Duser.country=FR -Duser.language=fr -Duser.variant -Xmx4096m 
java_command: org.gradle.launcher.daemon.bootstrap.GradleDaemon 4.4
java_class_path (initial): C:\Users\khris\.gradle\wrapper\dists\gradle-4.4-all\9br9xq1tocpiv8o6njlyu5op1\gradle-4.4\lib\gradle-launcher-4.4.jar
Launcher Type: SUN_STANDARD

Environment Variables:
JAVA_HOME=C:\Program Files\Java\jdk1.8.0_162\
_JAVA_OPTIONS=-Xmx4096m
PATH=C:\Program Files\HPE\NV\lib\shunra\vcat;C:\ProgramData\Oracle\Java\javapath;C:\Windows\system32;C:\Windows;C:\Windows\System32\Wbem;C:\Windows\System32\WindowsPowerShell\v1.0\;C:\Program Files (x86)\NVIDIA Corporation\PhysX\Common;C:\Program Files\Common Files\Autodesk Shared\;C:\Program Files\Java\jdk1.8.0_162\bin;C:\Program Files\Microsoft\Web Platform Installer\;C:\Program Files (x86)\Microsoft ASP.NET\ASP.NET Web Pages\v1.0\;C:\Program Files (x86)\Windows Kits\8.0\Windows Performance Toolkit\;C:\Program Files\Microsoft SQL Server\110\Tools\Binn\;C:\Program Files\PuTTY\;C:\Program Files\nodejs\;C:\ProgramData\chocolatey\bin;C:\Program Files (x86)\PostgreSQL\9.5\bin;C:\jruby-9.1.14.0\bin;C:\Program Files\Git\cmd;C:\Program Files (x86)\Gpg4win\..\GnuPG\bin;C:\Program Files (x86)\QuickTime\QTSystem\;C:\WINDOWS\system32;C:\WINDOWS;C:\WINDOWS\System32\Wbem;C:\WINDOWS\System32\WindowsPowerShell\v1.0\;F:\Program Files (x86)\LoadRunner\strawberry-perl\perl\bin;C:\strawberry\c\bin;C:\strawberry\perl\bin;C:\Ruby23-x64\bin;c:\jruby-9.1.14.0\bin;C:\Ruby24-x64\bin;C:\Users\khris\AppData\Local\Programs\Python\Python36-32\Scripts\;C:\Users\khris\AppData\Local\Programs\Python\Python36-32\;C:\Users\khris\AppData\Roaming\npm;C:\Program Files\Heroku\bin;C:\Program Files (x86)\PostgreSQL\9.5\bin;C:\msys64\mingw64;C:\msys64\mingw32\bin;C:\jruby-9.1.14.0\bin;C:\Users\khris\AppData\Local\Microsoft\WindowsApps;C:\Program Files\Java\jdk1.8.0_162\bin;
USERNAME=khris
OS=Windows_NT
PROCESSOR_IDENTIFIER=Intel64 Family 6 Model 45 Stepping 7, GenuineIntel



---------------  S Y S T E M  ---------------

OS: Windows 10.0 , 64 bit Build 16299 (10.0.16299.15)

CPU:total 8 (initial active 8) (4 cores per cpu, 2 threads per core) family 6 model 45 stepping 7, cmov, cx8, fxsr, mmx, sse, sse2, sse3, ssse3, sse4.1, sse4.2, popcnt, avx, aes, clmul, ht, tsc, tscinvbit, tscinv

Memory: 4k page, physical 16716660k(5859456k free), swap 17765236k(3544k free)

vm_info: OpenJDK 64-Bit Server VM (25.152-b02) for windows-amd64 JRE (1.8.0_152-release-1024-b02), built by "builder" with MS VC++ 10.0 (VS2010)

time: Thu Apr 26 19:45:12 2018
elapsed time: 66 seconds (0d 0h 1m 6s)

