#
# There is insufficient memory for the Java Runtime Environment to continue.
# Native memory allocation (malloc) failed to allocate 967536 bytes for Chunk::new
# Possible reasons:
#   The system is out of physical RAM or swap space
#   In 32 bit mode, the process size limit was hit
# Possible solutions:
#   Reduce memory load on the system
#   Increase physical memory or swap space
#   Check if swap backing store is full
#   Use 64 bit Java on a 64 bit OS
#   Decrease Java heap size (-Xmx/-Xms)
#   Decrease number of Java threads
#   Decrease Java thread stack sizes (-Xss)
#   Set larger code cache with -XX:ReservedCodeCacheSize=
# This output file may be truncated or incomplete.
#
#  Out of Memory Error (allocation.cpp:390), pid=8736, tid=0x0000000000002124
#
# JRE version: OpenJDK Runtime Environment (8.0_152-b02) (build 1.8.0_152-release-1024-b02)
# Java VM: OpenJDK 64-Bit Server VM (25.152-b02 mixed mode windows-amd64 compressed oops)
# Failed to write core dump. Minidumps are not enabled by default on client versions of Windows
#

---------------  T H R E A D  ---------------

Current thread (0x000000002046e800):  JavaThread "C2 CompilerThread0" daemon [_thread_in_native, id=8484, stack(0x0000000020c60000,0x0000000020d60000)]

Stack: [0x0000000020c60000,0x0000000020d60000]
[error occurred during error reporting (printing stack bounds), id 0xc0000005]

Native frames: (J=compiled Java code, j=interpreted, Vv=VM code, C=native code)


Current CompileTask:
C2:16130089 30673   !   4       com.android.ide.common.res2.ResourceSet::createFileAndItemsFromXml (490 bytes)


---------------  P R O C E S S  ---------------

Java Threads: ( => current thread )
  0x00000000229c4000 JavaThread "stdout" daemon [_thread_in_native, id=8680, stack(0x000000003ed10000,0x000000003ee10000)]
  0x00000000229c3800 JavaThread "stderr" daemon [_thread_in_native, id=3312, stack(0x000000003ec10000,0x000000003ed10000)]
  0x00000000229bc800 JavaThread "stdout" daemon [_thread_in_native, id=11776, stack(0x000000003e710000,0x000000003e810000)]
  0x00000000229c1000 JavaThread "stderr" daemon [_thread_in_native, id=1184, stack(0x000000003e610000,0x000000003e710000)]
  0x00000000219d1000 JavaThread "stdout" daemon [_thread_in_native, id=4704, stack(0x000000003df10000,0x000000003e010000)]
  0x00000000219d0000 JavaThread "stderr" daemon [_thread_in_native, id=1952, stack(0x000000003de10000,0x000000003df10000)]
  0x00000000219cd000 JavaThread "queued-resource-processor_152" daemon [_thread_blocked, id=3364, stack(0x000000003dd10000,0x000000003de10000)]
  0x00000000219d2800 JavaThread "queued-resource-processor_151" daemon [_thread_blocked, id=10536, stack(0x000000003dc10000,0x000000003dd10000)]
  0x0000000027ce3000 JavaThread "queued-resource-processor_150" daemon [_thread_blocked, id=1776, stack(0x000000003db10000,0x000000003dc10000)]
  0x0000000027ce4800 JavaThread "queued-resource-processor_149" daemon [_thread_blocked, id=5156, stack(0x000000003da10000,0x000000003db10000)]
  0x0000000027ce1800 JavaThread "queued-resource-processor_148" daemon [_thread_blocked, id=6132, stack(0x000000003d910000,0x000000003da10000)]
  0x0000000027ce8000 JavaThread "queued-resource-processor_147" daemon [_thread_blocked, id=9368, stack(0x000000003d810000,0x000000003d910000)]
  0x000000002445b000 JavaThread "queued-resource-processor_146" daemon [_thread_blocked, id=4556, stack(0x000000003d710000,0x000000003d810000)]
  0x0000000024462000 JavaThread "queued-resource-processor_145" daemon [_thread_blocked, id=6856, stack(0x000000003d610000,0x000000003d710000)]
  0x000000002445f000 JavaThread "Task worker for ':' Thread 7" [_thread_blocked, id=12228, stack(0x000000003d510000,0x000000003d610000)]
  0x0000000024456800 JavaThread "Task worker for ':' Thread 6" [_thread_blocked, id=10680, stack(0x000000003d410000,0x000000003d510000)]
  0x000000002445d800 JavaThread "Task worker for ':' Thread 5" [_thread_blocked, id=2956, stack(0x000000003d310000,0x000000003d410000)]
  0x0000000024459000 JavaThread "Task worker for ':' Thread 4" [_thread_blocked, id=2332, stack(0x000000003d210000,0x000000003d310000)]
  0x00000000261db800 JavaThread "Task worker for ':' Thread 3" [_thread_blocked, id=7308, stack(0x000000003d110000,0x000000003d210000)]
  0x00000000261e0000 JavaThread "Task worker for ':' Thread 2" [_thread_blocked, id=5092, stack(0x000000003d010000,0x000000003d110000)]
  0x00000000261df800 JavaThread "Task worker for ':'" [_thread_blocked, id=1320, stack(0x000000003cf10000,0x000000003d010000)]
  0x00000000261de800 JavaThread "Cache worker for Build Output Cleanup Cache (F:\WORKSPACES\AndroidStudioProjects\Taaroaa\Taaroaa\.gradle\buildOutputCleanup)" [_thread_blocked, id=4236, stack(0x000000003ce10000,0x000000003cf10000)]
  0x00000000261d4000 JavaThread "Cache worker for task history cache (F:\WORKSPACES\AndroidStudioProjects\Taaroaa\Taaroaa\.gradle\4.4\taskHistory)" [_thread_blocked, id=6804, stack(0x000000003cd10000,0x000000003ce10000)]
  0x00000000261d8000 JavaThread "Cache worker for file content cache (F:\WORKSPACES\AndroidStudioProjects\Taaroaa\Taaroaa\.gradle\4.4\fileContent)" [_thread_blocked, id=2660, stack(0x000000003cc10000,0x000000003cd10000)]
  0x00000000261d3800 JavaThread "build operations Thread 8" [_thread_blocked, id=4976, stack(0x000000003cb10000,0x000000003cc10000)]
  0x00000000273b2800 JavaThread "build operations Thread 7" [_thread_blocked, id=11860, stack(0x000000003ca10000,0x000000003cb10000)]
  0x00000000273aa000 JavaThread "build operations Thread 6" [_thread_blocked, id=2784, stack(0x000000003c910000,0x000000003ca10000)]
  0x00000000273ad000 JavaThread "build operations Thread 5" [_thread_blocked, id=4256, stack(0x000000003c810000,0x000000003c910000)]
  0x00000000273ac800 JavaThread "build operations Thread 4" [_thread_blocked, id=1052, stack(0x000000003c710000,0x000000003c810000)]
  0x00000000273b1000 JavaThread "build operations Thread 3" [_thread_blocked, id=8792, stack(0x000000003c610000,0x000000003c710000)]
  0x00000000273af800 JavaThread "build operations Thread 2" [_thread_blocked, id=9052, stack(0x000000003c510000,0x000000003c610000)]
  0x00000000273a8800 JavaThread "build operations" [_thread_blocked, id=7220, stack(0x000000003c410000,0x000000003c510000)]
  0x00000000273a5000 JavaThread "Cache worker for Artifact transforms cache (C:\Users\khris\.gradle\caches\transforms-1)" [_thread_blocked, id=2888, stack(0x000000003c310000,0x000000003c410000)]
  0x00000000273a8000 JavaThread "Cache worker for file hash cache (F:\WORKSPACES\AndroidStudioProjects\Taaroaa\Taaroaa\.gradle\4.4\fileHashes)" [_thread_blocked, id=10924, stack(0x000000003c210000,0x000000003c310000)]
  0x00000000273a4000 JavaThread "Stdin handler" [_thread_blocked, id=3276, stack(0x000000003c110000,0x000000003c210000)]
  0x0000000024dbe800 JavaThread "Asynchronous log dispatcher for DefaultDaemonConnection: socket connection from /127.0.0.1:41469 to /127.0.0.1:53978" [_thread_blocked, id=8460, stack(0x000000003c010000,0x000000003c110000)]
  0x0000000024dbe000 JavaThread "Daemon worker Thread 15" [_thread_blocked, id=9552, stack(0x000000003bf10000,0x000000003c010000)]
  0x0000000024dbc800 JavaThread "Cancel handler" [_thread_blocked, id=6984, stack(0x000000003be10000,0x000000003bf10000)]
  0x0000000024db2000 JavaThread "Handler for socket connection from /127.0.0.1:41469 to /127.0.0.1:53978" [_thread_in_native, id=280, stack(0x000000003bd10000,0x000000003be10000)]
  0x0000000024db5800 JavaThread "Daemon Thread 15" [_thread_blocked, id=8908, stack(0x000000003bc10000,0x000000003bd10000)]
  0x0000000024db3800 JavaThread "pool-97-thread-1" [_thread_blocked, id=5224, stack(0x0000000055540000,0x0000000055640000)]
  0x00000000261d2800 JavaThread "Memory manager" [_thread_blocked, id=1948, stack(0x000000002a900000,0x000000002aa00000)]
  0x00000000227ee800 JavaThread "File lock request listener" [_thread_in_native, id=1680, stack(0x0000000024130000,0x0000000024230000)]
  0x00000000227ec800 JavaThread "Cache worker for file hash cache (C:\Users\khris\.gradle\caches\4.4\fileHashes)" [_thread_blocked, id=5516, stack(0x0000000024030000,0x0000000024130000)]
  0x000000002252c800 JavaThread "Daemon periodic checks" [_thread_blocked, id=5192, stack(0x0000000023430000,0x0000000023530000)]
  0x0000000022515800 JavaThread "Incoming local TCP Connector on port 41469" [_thread_in_native, id=2268, stack(0x0000000022f70000,0x0000000023070000)]
  0x0000000020501000 JavaThread "Service Thread" daemon [_thread_blocked, id=9116, stack(0x0000000021060000,0x0000000021160000)]
  0x0000000020478800 JavaThread "C1 CompilerThread3" daemon [_thread_blocked, id=5932, stack(0x0000000020f60000,0x0000000021060000)]
  0x0000000020473800 JavaThread "C2 CompilerThread2" daemon [_thread_blocked, id=676, stack(0x0000000020e60000,0x0000000020f60000)]
  0x0000000020472000 JavaThread "C2 CompilerThread1" daemon [_thread_blocked, id=9660, stack(0x0000000020d60000,0x0000000020e60000)]
=>0x000000002046e800 JavaThread "C2 CompilerThread0" daemon [_thread_in_native, id=8484, stack(0x0000000020c60000,0x0000000020d60000)]
  0x000000002046d800 JavaThread "Attach Listener" daemon [_thread_blocked, id=800, stack(0x0000000020b60000,0x0000000020c60000)]
  0x000000002046c800 JavaThread "Signal Dispatcher" daemon [_thread_blocked, id=11600, stack(0x0000000020a60000,0x0000000020b60000)]
  0x0000000020461800 JavaThread "Finalizer" daemon [_thread_blocked, id=9164, stack(0x0000000020840000,0x0000000020940000)]
  0x000000001e57b000 JavaThread "Reference Handler" daemon [_thread_blocked, id=10748, stack(0x0000000020340000,0x0000000020440000)]
  0x0000000004963800 JavaThread "main" [_thread_blocked, id=11648, stack(0x0000000004860000,0x0000000004960000)]

Other Threads:
  0x000000001e576800 VMThread [stack: 0x0000000020240000,0x0000000020340000] [id=11000]
  0x0000000020502000 WatcherThread [stack: 0x0000000021160000,0x0000000021260000] [id=1252]

VM state:not at safepoint (normal execution)

VM Mutex/Monitor currently owned by a thread: None

Heap:
 PSYoungGen      total 892928K, used 743216K [0x000000076ab00000, 0x00000007a7580000, 0x00000007c0000000)
  eden space 821760K, 88% used [0x000000076ab00000,0x00000007973995d0,0x000000079cd80000)
  from space 71168K, 18% used [0x00000007a3000000,0x00000007a3d32b68,0x00000007a7580000)
  to   space 86016K, 0% used [0x000000079cd80000,0x000000079cd80000,0x00000007a2180000)
 ParOldGen       total 494592K, used 141914K [0x00000006c0000000, 0x00000006de300000, 0x000000076ab00000)
  object space 494592K, 28% used [0x00000006c0000000,0x00000006c8a96a18,0x00000006de300000)
 Metaspace       used 102577K, capacity 109434K, committed 109696K, reserved 1144832K
  class space    used 12736K, capacity 14166K, committed 14208K, reserved 1048576K

Card table byte_map: [0x0000000013e20000,0x0000000014630000] byte_map_base: 0x0000000010820000

Marking Bits: (ParMarkBitMap*) 0x000000006b174970
 Begin Bits: [0x0000000015390000, 0x0000000019390000)
 End Bits:   [0x0000000019390000, 0x000000001d390000)

Polling page: 0x0000000002b70000

CodeCache: size=245760Kb used=85411Kb max_used=85501Kb free=160348Kb
 bounds [0x0000000004a60000, 0x0000000009e60000, 0x0000000013a60000]
 total_blobs=22943 nmethods=22061 adapters=792
 compilation: enabled

Compilation events (10 events):
Event: 16127.491 Thread 0x0000000020473800 30714       4       com.sun.org.apache.xerces.internal.dom.AttrImpl::makeChildNode (63 bytes)
Event: 16127.494 Thread 0x0000000020473800 nmethod 30714 0x0000000006563d10 code [0x0000000006563e80, 0x0000000006564118]
Event: 16127.494 Thread 0x0000000020473800 30715       4       com.sun.org.apache.xerces.internal.dom.ElementImpl::setOwnerDocument (21 bytes)
Event: 16127.500 Thread 0x0000000020473800 nmethod 30715 0x0000000009035bd0 code [0x0000000009035d60, 0x0000000009036358]
Event: 16127.500 Thread 0x0000000020473800 30708       4       java.io.InputStreamReader::read (11 bytes)
Event: 16127.503 Thread 0x0000000020478800 30719       1       com.google.common.util.concurrent.AbstractFuture::afterDone (1 bytes)
Event: 16127.504 Thread 0x0000000020478800 nmethod 30719 0x00000000080dfa90 code [0x00000000080dfbe0, 0x00000000080dfcf0]
Event: 16127.525 Thread 0x0000000020473800 nmethod 30708 0x00000000051dbdd0 code [0x00000000051dbfc0, 0x00000000051dd168]
Event: 16127.525 Thread 0x0000000020473800 30718       4       sun.nio.cs.StreamDecoder::implRead (243 bytes)
Event: 16127.543 Thread 0x0000000020472000 nmethod 30706 0x00000000095b9c10 code [0x00000000095ba0a0, 0x00000000095bd990]

GC Heap History (10 events):
Event: 10856.669 GC heap before
{Heap before GC invocations=40 (full 4):
 PSYoungGen      total 686080K, used 619142K [0x000000076ab00000, 0x000000079f300000, 0x00000007c0000000)
  eden space 595456K, 99% used [0x000000076ab00000,0x000000078f044168,0x000000078f080000)
  from space 90624K, 26% used [0x000000078f080000,0x00000007907dd8c0,0x0000000794900000)
  to   space 87040K, 0% used [0x0000000799e00000,0x0000000799e00000,0x000000079f300000)
 ParOldGen       total 494592K, used 133281K [0x00000006c0000000, 0x00000006de300000, 0x000000076ab00000)
  object space 494592K, 26% used [0x00000006c0000000,0x00000006c82286e0,0x00000006de300000)
 Metaspace       used 95015K, capacity 100004K, committed 100736K, reserved 1136640K
  class space    used 11701K, capacity 12654K, committed 12928K, reserved 1048576K
Event: 10856.713 GC heap after
Heap after GC invocations=40 (full 4):
 PSYoungGen      total 762368K, used 78556K [0x000000076ab00000, 0x00000007a0600000, 0x00000007c0000000)
  eden space 675328K, 0% used [0x000000076ab00000,0x000000076ab00000,0x0000000793e80000)
  from space 87040K, 90% used [0x0000000799e00000,0x000000079eab7078,0x000000079f300000)
  to   space 97792K, 0% used [0x0000000793e80000,0x0000000793e80000,0x0000000799e00000)
 ParOldGen       total 494592K, used 133289K [0x00000006c0000000, 0x00000006de300000, 0x000000076ab00000)
  object space 494592K, 26% used [0x00000006c0000000,0x00000006c822a6e0,0x00000006de300000)
 Metaspace       used 95015K, capacity 100004K, committed 100736K, reserved 1136640K
  class space    used 11701K, capacity 12654K, committed 12928K, reserved 1048576K
}
Event: 10859.156 GC heap before
{Heap before GC invocations=41 (full 4):
 PSYoungGen      total 762368K, used 753446K [0x000000076ab00000, 0x00000007a0600000, 0x00000007c0000000)
  eden space 675328K, 99% used [0x000000076ab00000,0x0000000793e12928,0x0000000793e80000)
  from space 87040K, 90% used [0x0000000799e00000,0x000000079eab7078,0x000000079f300000)
  to   space 97792K, 0% used [0x0000000793e80000,0x0000000793e80000,0x0000000799e00000)
 ParOldGen       total 494592K, used 133289K [0x00000006c0000000, 0x00000006de300000, 0x000000076ab00000)
  object space 494592K, 26% used [0x00000006c0000000,0x00000006c822a6e0,0x00000006de300000)
 Metaspace       used 95071K, capacity 100010K, committed 100736K, reserved 1136640K
  class space    used 11701K, capacity 12655K, committed 12928K, reserved 1048576K
Event: 10859.174 GC heap after
Heap after GC invocations=41 (full 4):
 PSYoungGen      total 773120K, used 21185K [0x000000076ab00000, 0x00000007a5380000, 0x00000007c0000000)
  eden space 675328K, 0% used [0x000000076ab00000,0x000000076ab00000,0x0000000793e80000)
  from space 97792K, 21% used [0x0000000793e80000,0x0000000795330688,0x0000000799e00000)
  to   space 95232K, 0% used [0x000000079f680000,0x000000079f680000,0x00000007a5380000)
 ParOldGen       total 494592K, used 140738K [0x00000006c0000000, 0x00000006de300000, 0x000000076ab00000)
  object space 494592K, 28% used [0x00000006c0000000,0x00000006c89709d8,0x00000006de300000)
 Metaspace       used 95071K, capacity 100010K, committed 100736K, reserved 1136640K
  class space    used 11701K, capacity 12655K, committed 12928K, reserved 1048576K
}
Event: 11083.269 GC heap before
{Heap before GC invocations=42 (full 4):
 PSYoungGen      total 773120K, used 696513K [0x000000076ab00000, 0x00000007a5380000, 0x00000007c0000000)
  eden space 675328K, 100% used [0x000000076ab00000,0x0000000793e80000,0x0000000793e80000)
  from space 97792K, 21% used [0x0000000793e80000,0x0000000795330688,0x0000000799e00000)
  to   space 95232K, 0% used [0x000000079f680000,0x000000079f680000,0x00000007a5380000)
 ParOldGen       total 494592K, used 140738K [0x00000006c0000000, 0x00000006de300000, 0x000000076ab00000)
  object space 494592K, 28% used [0x00000006c0000000,0x00000006c89709d8,0x00000006de300000)
 Metaspace       used 96206K, capacity 101204K, committed 101888K, reserved 1138688K
  class space    used 11803K, capacity 12780K, committed 13056K, reserved 1048576K
Event: 11083.278 GC heap after
Heap after GC invocations=42 (full 4):
 PSYoungGen      total 838144K, used 9430K [0x000000076ab00000, 0x00000007a4600000, 0x00000007c0000000)
  eden space 756736K, 0% used [0x000000076ab00000,0x000000076ab00000,0x0000000798e00000)
  from space 81408K, 11% used [0x000000079f680000,0x000000079ffb5bd8,0x00000007a4600000)
  to   space 94208K, 0% used [0x0000000798e00000,0x0000000798e00000,0x000000079ea00000)
 ParOldGen       total 494592K, used 141482K [0x00000006c0000000, 0x00000006de300000, 0x000000076ab00000)
  object space 494592K, 28% used [0x00000006c0000000,0x00000006c8a2aa08,0x00000006de300000)
 Metaspace       used 96206K, capacity 101204K, committed 101888K, reserved 1138688K
  class space    used 11803K, capacity 12780K, committed 13056K, reserved 1048576K
}
Event: 11331.566 GC heap before
{Heap before GC invocations=43 (full 4):
 PSYoungGen      total 838144K, used 766166K [0x000000076ab00000, 0x00000007a4600000, 0x00000007c0000000)
  eden space 756736K, 100% used [0x000000076ab00000,0x0000000798e00000,0x0000000798e00000)
  from space 81408K, 11% used [0x000000079f680000,0x000000079ffb5bd8,0x00000007a4600000)
  to   space 94208K, 0% used [0x0000000798e00000,0x0000000798e00000,0x000000079ea00000)
 ParOldGen       total 494592K, used 141482K [0x00000006c0000000, 0x00000006de300000, 0x000000076ab00000)
  object space 494592K, 28% used [0x00000006c0000000,0x00000006c8a2aa08,0x00000006de300000)
 Metaspace       used 97310K, capacity 102452K, committed 103040K, reserved 1138688K
  class space    used 11906K, capacity 12914K, committed 13184K, reserved 1048576K
Event: 11331.585 GC heap after
Heap after GC invocations=43 (full 4):
 PSYoungGen      total 850944K, used 33594K [0x000000076ab00000, 0x00000007a8600000, 0x00000007c0000000)
  eden space 756736K, 0% used [0x000000076ab00000,0x000000076ab00000,0x0000000798e00000)
  from space 94208K, 35% used [0x0000000798e00000,0x000000079aeceb78,0x000000079ea00000)
  to   space 88064K, 0% used [0x00000007a3000000,0x00000007a3000000,0x00000007a8600000)
 ParOldGen       total 494592K, used 141906K [0x00000006c0000000, 0x00000006de300000, 0x000000076ab00000)
  object space 494592K, 28% used [0x00000006c0000000,0x00000006c8a94a18,0x00000006de300000)
 Metaspace       used 97310K, capacity 102452K, committed 103040K, reserved 1138688K
  class space    used 11906K, capacity 12914K, committed 13184K, reserved 1048576K
}
Event: 11768.017 GC heap before
{Heap before GC invocations=44 (full 4):
 PSYoungGen      total 850944K, used 790330K [0x000000076ab00000, 0x00000007a8600000, 0x00000007c0000000)
  eden space 756736K, 100% used [0x000000076ab00000,0x0000000798e00000,0x0000000798e00000)
  from space 94208K, 35% used [0x0000000798e00000,0x000000079aeceb78,0x000000079ea00000)
  to   space 88064K, 0% used [0x00000007a3000000,0x00000007a3000000,0x00000007a8600000)
 ParOldGen       total 494592K, used 141906K [0x00000006c0000000, 0x00000006de300000, 0x000000076ab00000)
  object space 494592K, 28% used [0x00000006c0000000,0x00000006c8a94a18,0x00000006de300000)
 Metaspace       used 100903K, capacity 107386K, committed 107520K, reserved 1142784K
  class space    used 12480K, capacity 13736K, committed 13824K, reserved 1048576K
Event: 11768.032 GC heap after
Heap after GC invocations=44 (full 4):
 PSYoungGen      total 892928K, used 13514K [0x000000076ab00000, 0x00000007a7580000, 0x00000007c0000000)
  eden space 821760K, 0% used [0x000000076ab00000,0x000000076ab00000,0x000000079cd80000)
  from space 71168K, 18% used [0x00000007a3000000,0x00000007a3d32b68,0x00000007a7580000)
  to   space 86016K, 0% used [0x000000079cd80000,0x000000079cd80000,0x00000007a2180000)
 ParOldGen       total 494592K, used 141914K [0x00000006c0000000, 0x00000006de300000, 0x000000076ab00000)
  object space 494592K, 28% used [0x00000006c0000000,0x00000006c8a96a18,0x00000006de300000)
 Metaspace       used 100903K, capacity 107386K, committed 107520K, reserved 1142784K
  class space    used 12480K, capacity 13736K, committed 13824K, reserved 1048576K
}

Deoptimization events (10 events):
Event: 11774.756 Thread 0x00000000261e0000 Uncommon trap: reason=unstable_if action=reinterpret pc=0x0000000009024f7c method=com.android.ide.common.res2.DataMerger.mergeData(Lcom/android/ide/common/res2/MergeConsumer;Z)V @ 358
Event: 11774.797 Thread 0x00000000261e0000 Uncommon trap: reason=unstable_if action=reinterpret pc=0x00000000066ebcd4 method=com.android.ide.common.res2.MergedResourceWriter.addItem(Lcom/android/ide/common/res2/ResourceItem;)V @ 49
Event: 11775.006 Thread 0x00000000261e0000 Uncommon trap: reason=class_check action=maybe_recompile pc=0x0000000008f4ac88 method=com.android.ide.common.res2.NodeUtils.duplicateNode(Lorg/w3c/dom/Document;Lorg/w3c/dom/Node;)Lorg/w3c/dom/Node; @ 1
Event: 11775.137 Thread 0x00000000261e0000 Uncommon trap: reason=null_check action=make_not_entrant pc=0x00000000095bb0f8 method=com.android.manifmerger.XmlElement.<init>(Lorg/w3c/dom/Element;Lcom/android/manifmerger/XmlDocument;)V @ 82
Event: 11775.192 Thread 0x00000000261e0000 Uncommon trap: reason=bimorphic action=maybe_recompile pc=0x0000000005070ed0 method=com.sun.org.apache.xerces.internal.dom.ElementImpl.getNodeName()Ljava/lang/String; @ 8
Event: 11779.163 Thread 0x00000000261db800 Uncommon trap: reason=unstable_if action=reinterpret pc=0x0000000008d37eb4 method=org.gradle.cache.internal.btree.BTreePersistentIndexedCache$DataBlock.useNewValue(Ljava/lang/Object;)Lorg/gradle/cache/internal/btree/BTreePersistentIndexedCache$DataBlockUp
Event: 11779.163 Thread 0x00000000261db800 Uncommon trap: reason=bimorphic action=maybe_recompile pc=0x00000000061c0fd4 method=java.util.Collections.indexedBinarySearch(Ljava/util/List;Ljava/lang/Object;)I @ 39
Event: 11779.163 Thread 0x00000000261db800 Uncommon trap: reason=bimorphic action=maybe_recompile pc=0x0000000008ad6df4 method=org.gradle.cache.internal.btree.FileBackedBlockStore$BlockImpl.write()V @ 29
Event: 16127.204 Thread 0x00000000261e0000 Uncommon trap: reason=class_check action=maybe_recompile pc=0x00000000093e5814 method=com.google.common.collect.AbstractMapBasedMultimap$Itr.next()Ljava/lang/Object; @ 75
Event: 16127.342 Thread 0x00000000261e0000 Uncommon trap: reason=predicate action=maybe_recompile pc=0x0000000008b303fc method=com.android.ide.common.res2.DataSet.processNewDataFile(Ljava/io/File;Lcom/android/ide/common/res2/DataFile;Z)V @ 31

Classes redefined (0 events):
No events

Internal exceptions (10 events):
Event: 11774.183 Thread 0x000000002445f000 Exception <a 'sun/nio/fs/WindowsException'> (0x000000077dd9cee8) thrown at [D:\src\AOSP-openjdk-cygwin\jdk8u\hotspot\src\share\vm\prims\jni.cpp, line 709]
Event: 11774.183 Thread 0x000000002445f000 Exception <a 'sun/nio/fs/WindowsException'> (0x000000077dd9dad0) thrown at [D:\src\AOSP-openjdk-cygwin\jdk8u\hotspot\src\share\vm\prims\jni.cpp, line 709]
Event: 11774.184 Thread 0x000000002445f000 Exception <a 'sun/nio/fs/WindowsException'> (0x000000077dda1be0) thrown at [D:\src\AOSP-openjdk-cygwin\jdk8u\hotspot\src\share\vm\prims\jni.cpp, line 709]
Event: 11774.184 Thread 0x000000002445f000 Exception <a 'sun/nio/fs/WindowsException'> (0x000000077dda2798) thrown at [D:\src\AOSP-openjdk-cygwin\jdk8u\hotspot\src\share\vm\prims\jni.cpp, line 709]
Event: 11774.184 Thread 0x000000002445f000 Exception <a 'sun/nio/fs/WindowsException'> (0x000000077dda49b0) thrown at [D:\src\AOSP-openjdk-cygwin\jdk8u\hotspot\src\share\vm\prims\jni.cpp, line 709]
Event: 11774.184 Thread 0x000000002445f000 Exception <a 'sun/nio/fs/WindowsException'> (0x000000077dda5588) thrown at [D:\src\AOSP-openjdk-cygwin\jdk8u\hotspot\src\share\vm\prims\jni.cpp, line 709]
Event: 11774.725 Thread 0x00000000261e0000 Implicit null exception at 0x0000000004e9b5d4 to 0x0000000004e9bcd5
Event: 11774.725 Thread 0x00000000261e0000 Implicit null exception at 0x00000000059ad71a to 0x00000000059adce9
Event: 11774.739 Thread 0x00000000261e0000 Implicit null exception at 0x00000000057cdef3 to 0x00000000057cede9
Event: 16126.513 Thread 0x0000000024dbe000 Exception <a 'sun/nio/fs/WindowsException'> (0x000000078fa3e710) thrown at [D:\src\AOSP-openjdk-cygwin\jdk8u\hotspot\src\share\vm\prims\jni.cpp, line 709]

Events (10 events):
Event: 16127.516 Thread 0x00000000229c0800 Thread added: 0x00000000229c0800
Event: 16127.518 Thread 0x00000000229c2000 Thread added: 0x00000000229c2000
Event: 16127.518 Thread 0x00000000229c2800 Thread added: 0x00000000229c2800
Event: 16127.520 Thread 0x00000000229c3800 Thread added: 0x00000000229c3800
Event: 16127.520 Thread 0x00000000229c4000 Thread added: 0x00000000229c4000
Event: 16127.545 Executing VM operation: RevokeBias
Event: 16127.545 Executing VM operation: RevokeBias done
Event: 16127.545 Executing VM operation: RevokeBias
Event: 16127.546 Executing VM operation: RevokeBias done
Event: 16127.546 Executing VM operation: RevokeBias


Dynamic libraries:
0x00007ff728ac0000 - 0x00007ff728af1000 	C:\Program Files\Android\Android Studio\jre\bin\java.exe
0x00007ffb6af20000 - 0x00007ffb6b100000 	C:\WINDOWS\SYSTEM32\ntdll.dll
0x00007ffb68de0000 - 0x00007ffb68e8e000 	C:\WINDOWS\System32\KERNEL32.DLL
0x00007ffb680e0000 - 0x00007ffb68346000 	C:\WINDOWS\System32\KERNELBASE.dll
0x00007ffb69400000 - 0x00007ffb694a1000 	C:\WINDOWS\System32\ADVAPI32.dll
0x00007ffb68c20000 - 0x00007ffb68cbd000 	C:\WINDOWS\System32\msvcrt.dll
0x00007ffb68a10000 - 0x00007ffb68a6b000 	C:\WINDOWS\System32\sechost.dll
0x00007ffb68e90000 - 0x00007ffb68faf000 	C:\WINDOWS\System32\RPCRT4.dll
0x00007ffb6abb0000 - 0x00007ffb6ad3f000 	C:\WINDOWS\System32\USER32.dll
0x00007ffb680c0000 - 0x00007ffb680e0000 	C:\WINDOWS\System32\win32u.dll
0x00007ffb68a70000 - 0x00007ffb68a98000 	C:\WINDOWS\System32\GDI32.dll
0x00007ffb67ca0000 - 0x00007ffb67e33000 	C:\WINDOWS\System32\gdi32full.dll
0x00007ffb68350000 - 0x00007ffb683eb000 	C:\WINDOWS\System32\msvcp_win.dll
0x00007ffb67af0000 - 0x00007ffb67be6000 	C:\WINDOWS\System32\ucrtbase.dll
0x00007ffb59740000 - 0x00007ffb599a9000 	C:\WINDOWS\WinSxS\amd64_microsoft.windows.common-controls_6595b64144ccf1df_6.0.16299.371_none_15c7d1789365a290\COMCTL32.dll
0x00007ffb68590000 - 0x00007ffb68898000 	C:\WINDOWS\System32\combase.dll
0x00007ffb67a70000 - 0x00007ffb67ae2000 	C:\WINDOWS\System32\bcryptPrimitives.dll
0x00007ffb69530000 - 0x00007ffb6955d000 	C:\WINDOWS\System32\IMM32.DLL
0x0000000068260000 - 0x0000000068332000 	C:\Program Files\Android\Android Studio\jre\jre\bin\msvcr100.dll
0x000000006a9b0000 - 0x000000006b1ef000 	C:\Program Files\Android\Android Studio\jre\jre\bin\server\jvm.dll
0x00007ffb68aa0000 - 0x00007ffb68aa8000 	C:\WINDOWS\System32\PSAPI.DLL
0x00007ffb622d0000 - 0x00007ffb622f3000 	C:\WINDOWS\SYSTEM32\WINMM.dll
0x00007ffb61760000 - 0x00007ffb6176a000 	C:\WINDOWS\SYSTEM32\VERSION.dll
0x00007ffb42670000 - 0x00007ffb42679000 	C:\WINDOWS\SYSTEM32\WSOCK32.dll
0x00007ffb6ad50000 - 0x00007ffb6adbc000 	C:\WINDOWS\System32\WS2_32.dll
0x00007ffb61eb0000 - 0x00007ffb61eda000 	C:\WINDOWS\SYSTEM32\WINMMBASE.dll
0x00007ffb67ea0000 - 0x00007ffb67eea000 	C:\WINDOWS\System32\cfgmgr32.dll
0x00007ffb64000000 - 0x00007ffb6400f000 	C:\Program Files\Android\Android Studio\jre\jre\bin\verify.dll
0x00007ffb61450000 - 0x00007ffb61479000 	C:\Program Files\Android\Android Studio\jre\jre\bin\java.dll
0x00007ffb63fa0000 - 0x00007ffb63fb6000 	C:\Program Files\Android\Android Studio\jre\jre\bin\zip.dll
0x00007ffb696d0000 - 0x00007ffb6ab06000 	C:\WINDOWS\System32\SHELL32.dll
0x00007ffb68cd0000 - 0x00007ffb68d76000 	C:\WINDOWS\System32\shcore.dll
0x00007ffb67320000 - 0x00007ffb67a67000 	C:\WINDOWS\System32\windows.storage.dll
0x00007ffb68d80000 - 0x00007ffb68dd1000 	C:\WINDOWS\System32\shlwapi.dll
0x00007ffb67300000 - 0x00007ffb67311000 	C:\WINDOWS\System32\kernel.appcore.dll
0x00007ffb672b0000 - 0x00007ffb672fc000 	C:\WINDOWS\System32\powrprof.dll
0x00007ffb67270000 - 0x00007ffb6728b000 	C:\WINDOWS\System32\profapi.dll
0x00007ffb63f20000 - 0x00007ffb63f3a000 	C:\Program Files\Android\Android Studio\jre\jre\bin\net.dll
0x00007ffb66b00000 - 0x00007ffb66b66000 	C:\WINDOWS\system32\mswsock.dll
0x00007ffb60220000 - 0x00007ffb60231000 	C:\Program Files\Android\Android Studio\jre\jre\bin\nio.dll
0x00007ffb60240000 - 0x00007ffb6025e000 	C:\Users\khris\.gradle\native\25\windows-amd64\native-platform.dll
0x00007ffb63ed0000 - 0x00007ffb63edd000 	C:\Program Files\Android\Android Studio\jre\jre\bin\management.dll
0x00007ffb66cc0000 - 0x00007ffb66cd7000 	C:\WINDOWS\SYSTEM32\CRYPTSP.dll
0x00007ffb66700000 - 0x00007ffb66733000 	C:\WINDOWS\system32\rsaenh.dll
0x00007ffb66dd0000 - 0x00007ffb66df5000 	C:\WINDOWS\SYSTEM32\bcrypt.dll
0x00007ffb671a0000 - 0x00007ffb671c9000 	C:\WINDOWS\SYSTEM32\USERENV.dll
0x00007ffb66ce0000 - 0x00007ffb66ceb000 	C:\WINDOWS\SYSTEM32\CRYPTBASE.dll
0x00007ffb66890000 - 0x00007ffb668c9000 	C:\WINDOWS\SYSTEM32\IPHLPAPI.DLL
0x00007ffb68cc0000 - 0x00007ffb68cc8000 	C:\WINDOWS\System32\NSI.dll
0x00007ffb626b0000 - 0x00007ffb626c6000 	C:\WINDOWS\SYSTEM32\dhcpcsvc6.DLL
0x00007ffb62440000 - 0x00007ffb6245a000 	C:\WINDOWS\SYSTEM32\dhcpcsvc.DLL
0x00007ffb663a0000 - 0x00007ffb663d1000 	C:\WINDOWS\SYSTEM32\ntmarta.dll
0x00007ffb5ffb0000 - 0x00007ffb5ffd4000 	C:\Program Files\Android\Android Studio\jre\jre\bin\sunec.dll
0x00007ffb668d0000 - 0x00007ffb66986000 	C:\WINDOWS\SYSTEM32\DNSAPI.dll
0x00007ffb5d980000 - 0x00007ffb5d98a000 	C:\Windows\System32\rasadhlp.dll
0x00007ffb61ae0000 - 0x00007ffb61b50000 	C:\WINDOWS\System32\fwpuclnt.dll
0x00007ffb63d60000 - 0x00007ffb63d6b000 	C:\Program Files\Android\Android Studio\jre\jre\bin\sunmscapi.dll
0x00007ffb67ef0000 - 0x00007ffb680be000 	C:\WINDOWS\System32\CRYPT32.dll
0x00007ffb67290000 - 0x00007ffb672a2000 	C:\WINDOWS\System32\MSASN1.dll

VM Arguments:
jvm_args: -Xmx1536m -Dfile.encoding=windows-1252 -Duser.country=FR -Duser.language=fr -Duser.variant -Xmx4096m 
java_command: org.gradle.launcher.daemon.bootstrap.GradleDaemon 4.4
java_class_path (initial): C:\Users\khris\.gradle\wrapper\dists\gradle-4.4-all\9br9xq1tocpiv8o6njlyu5op1\gradle-4.4\lib\gradle-launcher-4.4.jar
Launcher Type: SUN_STANDARD

Environment Variables:
JAVA_HOME=C:\Program Files\Java\jdk1.8.0_162\
_JAVA_OPTIONS=-Xmx4096m
PATH=C:\Program Files\HPE\NV\lib\shunra\vcat;C:\ProgramData\Oracle\Java\javapath;C:\Windows\system32;C:\Windows;C:\Windows\System32\Wbem;C:\Windows\System32\WindowsPowerShell\v1.0\;C:\Program Files (x86)\NVIDIA Corporation\PhysX\Common;C:\Program Files\Common Files\Autodesk Shared\;C:\Program Files\Java\jdk1.8.0_162\bin;C:\Program Files\Microsoft\Web Platform Installer\;C:\Program Files (x86)\Microsoft ASP.NET\ASP.NET Web Pages\v1.0\;C:\Program Files (x86)\Windows Kits\8.0\Windows Performance Toolkit\;C:\Program Files\Microsoft SQL Server\110\Tools\Binn\;C:\Program Files\PuTTY\;C:\Program Files\nodejs\;C:\ProgramData\chocolatey\bin;C:\Program Files (x86)\PostgreSQL\9.5\bin;C:\jruby-9.1.14.0\bin;C:\Program Files\Git\cmd;C:\Program Files (x86)\Gpg4win\..\GnuPG\bin;C:\Program Files (x86)\QuickTime\QTSystem\;C:\WINDOWS\system32;C:\WINDOWS;C:\WINDOWS\System32\Wbem;C:\WINDOWS\System32\WindowsPowerShell\v1.0\;F:\Program Files (x86)\LoadRunner\strawberry-perl\perl\bin;C:\strawberry\c\bin;C:\strawberry\perl\bin;C:\Ruby23-x64\bin;c:\jruby-9.1.14.0\bin;C:\Ruby24-x64\bin;C:\Users\khris\AppData\Local\Programs\Python\Python36-32\Scripts\;C:\Users\khris\AppData\Local\Programs\Python\Python36-32\;C:\Users\khris\AppData\Roaming\npm;C:\Program Files\Heroku\bin;C:\Program Files (x86)\PostgreSQL\9.5\bin;C:\msys64\mingw64;C:\msys64\mingw32\bin;C:\jruby-9.1.14.0\bin;C:\Users\khris\AppData\Local\Microsoft\WindowsApps;C:\Program Files\Java\jdk1.8.0_162\bin;
USERNAME=khris
OS=Windows_NT
PROCESSOR_IDENTIFIER=Intel64 Family 6 Model 45 Stepping 7, GenuineIntel



---------------  S Y S T E M  ---------------

OS: Windows 10.0 , 64 bit Build 16299 (10.0.16299.15)

CPU:total 8 (initial active 8) (4 cores per cpu, 2 threads per core) family 6 model 45 stepping 7, cmov, cx8, fxsr, mmx, sse, sse2, sse3, ssse3, sse4.1, sse4.2, popcnt, avx, aes, clmul, ht, tsc, tscinvbit, tscinv

Memory: 4k page, physical 16716660k(6609996k free), swap 17765236k(16316k free)

vm_info: OpenJDK 64-Bit Server VM (25.152-b02) for windows-amd64 JRE (1.8.0_152-release-1024-b02), built by "builder" with MS VC++ 10.0 (VS2010)

time: Thu Apr 26 19:43:59 2018
elapsed time: 16127 seconds (0d 4h 28m 47s)

