#
# There is insufficient memory for the Java Runtime Environment to continue.
# Native memory allocation (malloc) failed to allocate 1107360 bytes for Chunk::new
# Possible reasons:
#   The system is out of physical RAM or swap space
#   In 32 bit mode, the process size limit was hit
# Possible solutions:
#   Reduce memory load on the system
#   Increase physical memory or swap space
#   Check if swap backing store is full
#   Use 64 bit Java on a 64 bit OS
#   Decrease Java heap size (-Xmx/-Xms)
#   Decrease number of Java threads
#   Decrease Java thread stack sizes (-Xss)
#   Set larger code cache with -XX:ReservedCodeCacheSize=
# This output file may be truncated or incomplete.
#
#  Out of Memory Error (allocation.cpp:390), pid=10792, tid=0x0000000000000b04
#
# JRE version: OpenJDK Runtime Environment (8.0_152-b02) (build 1.8.0_152-release-1024-b02)
# Java VM: OpenJDK 64-Bit Server VM (25.152-b02 mixed mode windows-amd64 compressed oops)
# Failed to write core dump. Minidumps are not enabled by default on client versions of Windows
#

---------------  T H R E A D  ---------------

Current thread (0x00000000209b3000):  JavaThread "C2 CompilerThread2" daemon [_thread_in_native, id=2820, stack(0x00000000213a0000,0x00000000214a0000)]

Stack: [0x00000000213a0000,0x00000000214a0000]
[error occurred during error reporting (printing stack bounds), id 0xc0000005]

Native frames: (J=compiled Java code, j=interpreted, Vv=VM code, C=native code)


Current CompileTask:
C2:25472223 31047       4       org.gradle.api.internal.artifacts.ivyservice.resolveengine.artifact.DefaultArtifactSet::singleVariant (48 bytes)


---------------  P R O C E S S  ---------------

Java Threads: ( => current thread )
  0x0000000024e33800 JavaThread "Task worker for ':' Thread 7" [_thread_blocked, id=2312, stack(0x0000000051cd0000,0x0000000051dd0000)]
  0x0000000024e3a000 JavaThread "Task worker for ':' Thread 6" [_thread_blocked, id=1712, stack(0x0000000051bd0000,0x0000000051cd0000)]
  0x0000000024e38000 JavaThread "Task worker for ':' Thread 5" [_thread_blocked, id=2172, stack(0x0000000051ad0000,0x0000000051bd0000)]
  0x0000000024e35800 JavaThread "Task worker for ':' Thread 4" [_thread_blocked, id=5740, stack(0x00000000519d0000,0x0000000051ad0000)]
  0x0000000025334000 JavaThread "Task worker for ':' Thread 3" [_thread_blocked, id=7140, stack(0x00000000518d0000,0x00000000519d0000)]
  0x0000000025332800 JavaThread "Task worker for ':' Thread 2" [_thread_blocked, id=8176, stack(0x00000000517d0000,0x00000000518d0000)]
  0x000000002532e800 JavaThread "Task worker for ':'" [_thread_in_native, id=2272, stack(0x00000000516d0000,0x00000000517d0000)]
  0x0000000025333000 JavaThread "Cache worker for Build Output Cleanup Cache (F:\WORKSPACES\AndroidStudioProjects\Taaroaa\Taaroaa\.gradle\buildOutputCleanup)" [_thread_blocked, id=10556, stack(0x00000000515d0000,0x00000000516d0000)]
  0x0000000025325800 JavaThread "Cache worker for task history cache (F:\WORKSPACES\AndroidStudioProjects\Taaroaa\Taaroaa\.gradle\4.4\taskHistory)" [_thread_blocked, id=10820, stack(0x00000000514d0000,0x00000000515d0000)]
  0x0000000025328000 JavaThread "Cache worker for file content cache (F:\WORKSPACES\AndroidStudioProjects\Taaroaa\Taaroaa\.gradle\4.4\fileContent)" [_thread_blocked, id=11928, stack(0x00000000513d0000,0x00000000514d0000)]
  0x0000000025327000 JavaThread "build operations Thread 8" [_thread_blocked, id=11792, stack(0x00000000512d0000,0x00000000513d0000)]
  0x0000000025885000 JavaThread "build operations Thread 7" [_thread_blocked, id=32, stack(0x00000000511d0000,0x00000000512d0000)]
  0x0000000025887000 JavaThread "build operations Thread 6" [_thread_blocked, id=6468, stack(0x00000000510d0000,0x00000000511d0000)]
  0x0000000025884000 JavaThread "build operations Thread 5" [_thread_blocked, id=5420, stack(0x0000000050fd0000,0x00000000510d0000)]
  0x0000000025886800 JavaThread "build operations Thread 4" [_thread_blocked, id=10384, stack(0x0000000050ed0000,0x0000000050fd0000)]
  0x0000000025883800 JavaThread "build operations Thread 3" [_thread_blocked, id=5460, stack(0x0000000050dd0000,0x0000000050ed0000)]
  0x000000002587c000 JavaThread "build operations Thread 2" [_thread_blocked, id=8900, stack(0x0000000050cd0000,0x0000000050dd0000)]
  0x0000000025882800 JavaThread "build operations" [_thread_blocked, id=5996, stack(0x0000000050bd0000,0x0000000050cd0000)]
  0x0000000025881000 JavaThread "Cache worker for Artifact transforms cache (C:\Users\khris\.gradle\caches\transforms-1)" [_thread_blocked, id=7100, stack(0x0000000050ad0000,0x0000000050bd0000)]
  0x0000000025880800 JavaThread "Cache worker for file hash cache (F:\WORKSPACES\AndroidStudioProjects\Taaroaa\Taaroaa\.gradle\4.4\fileHashes)" [_thread_blocked, id=1252, stack(0x00000000509d0000,0x0000000050ad0000)]
  0x0000000025878000 JavaThread "Stdin handler" [_thread_blocked, id=2688, stack(0x00000000508d0000,0x00000000509d0000)]
  0x000000002587f000 JavaThread "Asynchronous log dispatcher for DefaultDaemonConnection: socket connection from /127.0.0.1:12984 to /127.0.0.1:35360" [_thread_blocked, id=10036, stack(0x00000000507d0000,0x00000000508d0000)]
  0x000000002587e000 JavaThread "Daemon worker Thread 13" [_thread_blocked, id=1368, stack(0x00000000506d0000,0x00000000507d0000)]
  0x000000002587d800 JavaThread "Cancel handler" [_thread_blocked, id=252, stack(0x00000000505d0000,0x00000000506d0000)]
  0x000000002587a800 JavaThread "Handler for socket connection from /127.0.0.1:12984 to /127.0.0.1:35360" [_thread_in_native, id=9684, stack(0x00000000504d0000,0x00000000505d0000)]
  0x000000002587b000 JavaThread "Daemon Thread 13" [_thread_blocked, id=3092, stack(0x00000000503d0000,0x00000000504d0000)]
  0x00000000222a7800 JavaThread "Java2D Disposer" daemon [_thread_blocked, id=4236, stack(0x0000000032200000,0x0000000032300000)]
  0x0000000024e34000 JavaThread "Memory manager" [_thread_blocked, id=4348, stack(0x000000002b3c0000,0x000000002b4c0000)]
  0x0000000022b36800 JavaThread "File lock request listener" [_thread_in_native, id=6820, stack(0x0000000024670000,0x0000000024770000)]
  0x0000000022b35800 JavaThread "Cache worker for file hash cache (C:\Users\khris\.gradle\caches\4.4\fileHashes)" [_thread_blocked, id=11868, stack(0x0000000024570000,0x0000000024670000)]
  0x0000000022a6f800 JavaThread "Daemon periodic checks" [_thread_blocked, id=8484, stack(0x0000000023970000,0x0000000023a70000)]
  0x0000000022a67800 JavaThread "Incoming local TCP Connector on port 12984" [_thread_in_native, id=10616, stack(0x00000000234b0000,0x00000000235b0000)]
  0x00000000209d8000 JavaThread "Service Thread" daemon [_thread_blocked, id=3660, stack(0x00000000215a0000,0x00000000216a0000)]
  0x00000000209b6000 JavaThread "C1 CompilerThread3" daemon [_thread_blocked, id=128, stack(0x00000000214a0000,0x00000000215a0000)]
=>0x00000000209b3000 JavaThread "C2 CompilerThread2" daemon [_thread_in_native, id=2820, stack(0x00000000213a0000,0x00000000214a0000)]
  0x00000000209b1800 JavaThread "C2 CompilerThread1" daemon [_thread_blocked, id=3060, stack(0x00000000212a0000,0x00000000213a0000)]
  0x00000000209ad800 JavaThread "C2 CompilerThread0" daemon [_thread_in_native, id=8120, stack(0x00000000211a0000,0x00000000212a0000)]
  0x00000000209ac800 JavaThread "Attach Listener" daemon [_thread_blocked, id=11044, stack(0x00000000210a0000,0x00000000211a0000)]
  0x000000001eabe800 JavaThread "Signal Dispatcher" daemon [_thread_blocked, id=9404, stack(0x0000000020fa0000,0x00000000210a0000)]
  0x00000000209a0800 JavaThread "Finalizer" daemon [_thread_blocked, id=3404, stack(0x0000000020d80000,0x0000000020e80000)]
  0x000000001eaab800 JavaThread "Reference Handler" daemon [_thread_blocked, id=10808, stack(0x0000000020880000,0x0000000020980000)]
  0x0000000004e93800 JavaThread "main" [_thread_blocked, id=3732, stack(0x0000000004d70000,0x0000000004e70000)]

Other Threads:
  0x000000001eaa5000 VMThread [stack: 0x0000000020780000,0x0000000020880000] [id=7124]
  0x00000000209d9000 WatcherThread [stack: 0x00000000216a0000,0x00000000217a0000] [id=11708]

VM state:not at safepoint (normal execution)

VM Mutex/Monitor currently owned by a thread: None

Heap:
 PSYoungGen      total 512512K, used 432912K [0x000000076ab00000, 0x0000000790d80000, 0x00000007c0000000)
  eden space 436736K, 93% used [0x000000076ab00000,0x00000007837e3060,0x0000000785580000)
  from space 75776K, 34% used [0x000000078c380000,0x000000078dd60fd0,0x0000000790d80000)
  to   space 94208K, 0% used [0x0000000785580000,0x0000000785580000,0x000000078b180000)
 ParOldGen       total 402944K, used 100007K [0x00000006c0000000, 0x00000006d8980000, 0x000000076ab00000)
  object space 402944K, 24% used [0x00000006c0000000,0x00000006c61a9cc0,0x00000006d8980000)
 Metaspace       used 97673K, capacity 104234K, committed 104320K, reserved 1140736K
  class space    used 11926K, capacity 13137K, committed 13184K, reserved 1048576K

Card table byte_map: [0x0000000014350000,0x0000000014b60000] byte_map_base: 0x0000000010d50000

Marking Bits: (ParMarkBitMap*) 0x0000000068b44970
 Begin Bits: [0x00000000158c0000, 0x00000000198c0000)
 End Bits:   [0x00000000198c0000, 0x000000001d8c0000)

Polling page: 0x0000000004c90000

CodeCache: size=245760Kb used=85556Kb max_used=85887Kb free=160203Kb
 bounds [0x0000000004f90000, 0x000000000a3f0000, 0x0000000013f90000]
 total_blobs=23147 nmethods=22187 adapters=870
 compilation: enabled

Compilation events (10 events):
Event: 25467.956 Thread 0x00000000209b1800 31049       4       org.gradle.internal.event.ListenerBroadcast::dispatch (9 bytes)
Event: 25467.968 Thread 0x00000000209b1800 nmethod 31049 0x00000000099a8450 code [0x00000000099a8640, 0x00000000099a8d40]
Event: 25468.023 Thread 0x00000000209b1800 31050       4       org.gradle.api.internal.file.collections.DefaultConfigurableFileCollection::<init> (43 bytes)
Event: 25468.024 Thread 0x00000000209b6000 31051       3       com.android.build.gradle.internal.core.VariantConfiguration::getIdOverride (106 bytes)
Event: 25468.026 Thread 0x00000000209b6000 nmethod 31051 0x00000000099a57d0 code [0x00000000099a5b00, 0x00000000099a76b8]
Event: 25468.026 Thread 0x00000000209b6000 31052       3       com.android.build.gradle.internal.dsl.BuildType_Decorated::getApplicationIdSuffix (37 bytes)
Event: 25468.026 Thread 0x00000000209b1800 nmethod 31050 0x000000000a1160d0 code [0x000000000a116240, 0x000000000a1164e8]
Event: 25468.026 Thread 0x00000000209b6000 nmethod 31052 0x00000000081cb610 code [0x00000000081cb7e0, 0x00000000081cbee8]
Event: 25468.026 Thread 0x00000000209b6000 31053       3       com.android.builder.core.DefaultProductFlavor::mergeApplicationIdSuffix (14 bytes)
Event: 25468.027 Thread 0x00000000209b6000 nmethod 31053 0x0000000007bf2290 code [0x0000000007bf2420, 0x0000000007bf26e8]

GC Heap History (10 events):
Event: 22201.092 GC heap before
{Heap before GC invocations=48 (full 4):
 PSYoungGen      total 532992K, used 532687K [0x000000076ab00000, 0x0000000796100000, 0x00000007c0000000)
  eden space 512000K, 100% used [0x000000076ab00000,0x0000000789f00000,0x0000000789f00000)
  from space 20992K, 98% used [0x000000078b000000,0x000000078c433e90,0x000000078c480000)
  to   space 99328K, 0% used [0x0000000790000000,0x0000000790000000,0x0000000796100000)
 ParOldGen       total 402944K, used 99967K [0x00000006c0000000, 0x00000006d8980000, 0x000000076ab00000)
  object space 402944K, 24% used [0x00000006c0000000,0x00000006c619fcc0,0x00000006d8980000)
 Metaspace       used 94350K, capacity 99732K, committed 99968K, reserved 1136640K
  class space    used 11533K, capacity 12574K, committed 12672K, reserved 1048576K
Event: 22201.103 GC heap after
Heap after GC invocations=48 (full 4):
 PSYoungGen      total 571392K, used 14167K [0x000000076ab00000, 0x0000000794a00000, 0x00000007c0000000)
  eden space 495616K, 0% used [0x000000076ab00000,0x000000076ab00000,0x0000000788f00000)
  from space 75776K, 18% used [0x0000000790000000,0x0000000790dd5cb8,0x0000000794a00000)
  to   space 95744K, 0% used [0x0000000788f00000,0x0000000788f00000,0x000000078ec80000)
 ParOldGen       total 402944K, used 99975K [0x00000006c0000000, 0x00000006d8980000, 0x000000076ab00000)
  object space 402944K, 24% used [0x00000006c0000000,0x00000006c61a1cc0,0x00000006d8980000)
 Metaspace       used 94350K, capacity 99732K, committed 99968K, reserved 1136640K
  class space    used 11533K, capacity 12574K, committed 12672K, reserved 1048576K
}
Event: 22293.245 GC heap before
{Heap before GC invocations=49 (full 4):
 PSYoungGen      total 571392K, used 509783K [0x000000076ab00000, 0x0000000794a00000, 0x00000007c0000000)
  eden space 495616K, 100% used [0x000000076ab00000,0x0000000788f00000,0x0000000788f00000)
  from space 75776K, 18% used [0x0000000790000000,0x0000000790dd5cb8,0x0000000794a00000)
  to   space 95744K, 0% used [0x0000000788f00000,0x0000000788f00000,0x000000078ec80000)
 ParOldGen       total 402944K, used 99975K [0x00000006c0000000, 0x00000006d8980000, 0x000000076ab00000)
  object space 402944K, 24% used [0x00000006c0000000,0x00000006c61a1cc0,0x00000006d8980000)
 Metaspace       used 95366K, capacity 101856K, committed 102016K, reserved 1138688K
  class space    used 11712K, capacity 12894K, committed 12928K, reserved 1048576K
Event: 22293.261 GC heap after
Heap after GC invocations=49 (full 4):
 PSYoungGen      total 510464K, used 30349K [0x000000076ab00000, 0x0000000792e80000, 0x00000007c0000000)
  eden space 479744K, 0% used [0x000000076ab00000,0x000000076ab00000,0x0000000787f80000)
  from space 30720K, 98% used [0x0000000788f00000,0x000000078aca3740,0x000000078ad00000)
  to   space 89600K, 0% used [0x000000078d700000,0x000000078d700000,0x0000000792e80000)
 ParOldGen       total 402944K, used 99983K [0x00000006c0000000, 0x00000006d8980000, 0x000000076ab00000)
  object space 402944K, 24% used [0x00000006c0000000,0x00000006c61a3cc0,0x00000006d8980000)
 Metaspace       used 95366K, capacity 101856K, committed 102016K, reserved 1138688K
  class space    used 11712K, capacity 12894K, committed 12928K, reserved 1048576K
}
Event: 23324.096 GC heap before
{Heap before GC invocations=50 (full 4):
 PSYoungGen      total 510464K, used 510093K [0x000000076ab00000, 0x0000000792e80000, 0x00000007c0000000)
  eden space 479744K, 100% used [0x000000076ab00000,0x0000000787f80000,0x0000000787f80000)
  from space 30720K, 98% used [0x0000000788f00000,0x000000078aca3740,0x000000078ad00000)
  to   space 89600K, 0% used [0x000000078d700000,0x000000078d700000,0x0000000792e80000)
 ParOldGen       total 402944K, used 99983K [0x00000006c0000000, 0x00000006d8980000, 0x000000076ab00000)
  object space 402944K, 24% used [0x00000006c0000000,0x00000006c61a3cc0,0x00000006d8980000)
 Metaspace       used 96088K, capacity 102590K, committed 102912K, reserved 1138688K
  class space    used 11780K, capacity 12969K, committed 13056K, reserved 1048576K
Event: 23324.133 GC heap after
Heap after GC invocations=50 (full 4):
 PSYoungGen      total 554496K, used 80645K [0x000000076ab00000, 0x0000000793800000, 0x00000007c0000000)
  eden space 464896K, 0% used [0x000000076ab00000,0x000000076ab00000,0x0000000787100000)
  from space 89600K, 90% used [0x000000078d700000,0x00000007925c1688,0x0000000792e80000)
  to   space 101888K, 0% used [0x0000000787100000,0x0000000787100000,0x000000078d480000)
 ParOldGen       total 402944K, used 99991K [0x00000006c0000000, 0x00000006d8980000, 0x000000076ab00000)
  object space 402944K, 24% used [0x00000006c0000000,0x00000006c61a5cc0,0x00000006d8980000)
 Metaspace       used 96088K, capacity 102590K, committed 102912K, reserved 1138688K
  class space    used 11780K, capacity 12969K, committed 13056K, reserved 1048576K
}
Event: 25206.384 GC heap before
{Heap before GC invocations=51 (full 4):
 PSYoungGen      total 554496K, used 545541K [0x000000076ab00000, 0x0000000793800000, 0x00000007c0000000)
  eden space 464896K, 100% used [0x000000076ab00000,0x0000000787100000,0x0000000787100000)
  from space 89600K, 90% used [0x000000078d700000,0x00000007925c1688,0x0000000792e80000)
  to   space 101888K, 0% used [0x0000000787100000,0x0000000787100000,0x000000078d480000)
 ParOldGen       total 402944K, used 99991K [0x00000006c0000000, 0x00000006d8980000, 0x000000076ab00000)
  object space 402944K, 24% used [0x00000006c0000000,0x00000006c61a5cc0,0x00000006d8980000)
 Metaspace       used 96542K, capacity 103168K, committed 103424K, reserved 1140736K
  class space    used 11826K, capacity 13050K, committed 13056K, reserved 1048576K
Event: 25206.406 GC heap after
Heap after GC invocations=51 (full 4):
 PSYoungGen      total 495616K, used 44649K [0x000000076ab00000, 0x0000000792400000, 0x00000007c0000000)
  eden space 450560K, 0% used [0x000000076ab00000,0x000000076ab00000,0x0000000786300000)
  from space 45056K, 99% used [0x0000000787100000,0x0000000789c9a478,0x0000000789d00000)
  to   space 98816K, 0% used [0x000000078c380000,0x000000078c380000,0x0000000792400000)
 ParOldGen       total 402944K, used 99999K [0x00000006c0000000, 0x00000006d8980000, 0x000000076ab00000)
  object space 402944K, 24% used [0x00000006c0000000,0x00000006c61a7cc0,0x00000006d8980000)
 Metaspace       used 96542K, capacity 103168K, committed 103424K, reserved 1140736K
  class space    used 11826K, capacity 13050K, committed 13056K, reserved 1048576K
}
Event: 25268.279 GC heap before
{Heap before GC invocations=52 (full 4):
 PSYoungGen      total 495616K, used 495209K [0x000000076ab00000, 0x0000000792400000, 0x00000007c0000000)
  eden space 450560K, 100% used [0x000000076ab00000,0x0000000786300000,0x0000000786300000)
  from space 45056K, 99% used [0x0000000787100000,0x0000000789c9a478,0x0000000789d00000)
  to   space 98816K, 0% used [0x000000078c380000,0x000000078c380000,0x0000000792400000)
 ParOldGen       total 402944K, used 99999K [0x00000006c0000000, 0x00000006d8980000, 0x000000076ab00000)
  object space 402944K, 24% used [0x00000006c0000000,0x00000006c61a7cc0,0x00000006d8980000)
 Metaspace       used 96971K, capacity 103508K, committed 103808K, reserved 1140736K
  class space    used 11860K, capacity 13064K, committed 13184K, reserved 1048576K
Event: 25268.302 GC heap after
Heap after GC invocations=52 (full 4):
 PSYoungGen      total 512512K, used 26499K [0x000000076ab00000, 0x0000000790d80000, 0x00000007c0000000)
  eden space 436736K, 0% used [0x000000076ab00000,0x000000076ab00000,0x0000000785580000)
  from space 75776K, 34% used [0x000000078c380000,0x000000078dd60fd0,0x0000000790d80000)
  to   space 94208K, 0% used [0x0000000785580000,0x0000000785580000,0x000000078b180000)
 ParOldGen       total 402944K, used 100007K [0x00000006c0000000, 0x00000006d8980000, 0x000000076ab00000)
  object space 402944K, 24% used [0x00000006c0000000,0x00000006c61a9cc0,0x00000006d8980000)
 Metaspace       used 96971K, capacity 103508K, committed 103808K, reserved 1140736K
  class space    used 11860K, capacity 13064K, committed 13184K, reserved 1048576K
}

Deoptimization events (10 events):
Event: 25210.397 Thread 0x0000000028b2c800 Uncommon trap: reason=bimorphic action=maybe_recompile pc=0x000000000a116974 method=com.android.tools.r8.ir.regalloc.LinearScanRegisterAllocator.needsArrayGetWideWorkaround(Lcom/android/tools/r8/ir/regalloc/LiveIntervals;)Z @ 53
Event: 25210.397 Thread 0x0000000028b2e000 Uncommon trap: reason=bimorphic action=maybe_recompile pc=0x000000000a116974 method=com.android.tools.r8.ir.regalloc.LinearScanRegisterAllocator.needsArrayGetWideWorkaround(Lcom/android/tools/r8/ir/regalloc/LiveIntervals;)Z @ 53
Event: 25210.399 Thread 0x0000000028b2c000 Uncommon trap: reason=bimorphic action=maybe_recompile pc=0x000000000a116974 method=com.android.tools.r8.ir.regalloc.LinearScanRegisterAllocator.needsArrayGetWideWorkaround(Lcom/android/tools/r8/ir/regalloc/LiveIntervals;)Z @ 53
Event: 25210.458 Thread 0x00000000222a9000 Uncommon trap: reason=unstable_if action=reinterpret pc=0x000000000a12a9b8 method=com.android.tools.r8.ir.regalloc.LinearScanRegisterAllocator.getFreeConsecutiveRegisters(I)I @ 49
Event: 25210.461 Thread 0x00000000222a9000 Uncommon trap: reason=unstable_if action=reinterpret pc=0x0000000009f5df94 method=com.android.tools.r8.ir.regalloc.LinearScanRegisterAllocator.getFreeConsecutiveRegisters(I)I @ 49
Event: 25268.933 Thread 0x0000000025332800 Uncommon trap: reason=unstable_if action=reinterpret pc=0x0000000005174480 method=com.sun.tools.javac.code.Types.asOuterSuper(Lcom/sun/tools/javac/code/Type;Lcom/sun/tools/javac/code/Symbol;)Lcom/sun/tools/javac/code/Type; @ 77
Event: 25268.935 Thread 0x0000000025332800 Uncommon trap: reason=class_check action=maybe_recompile pc=0x000000000938fbc8 method=com.sun.tools.javac.comp.Lower.visitClassDef(Lcom/sun/tools/javac/tree/JCTree$JCClassDecl;)V @ 235
Event: 25268.950 Thread 0x0000000025332800 Uncommon trap: reason=bimorphic action=maybe_recompile pc=0x0000000007ca2880 method=com.sun.tools.javac.jvm.ClassWriter.enterInner(Lcom/sun/tools/javac/code/Symbol$ClassSymbol;)V @ 146
Event: 25268.953 Thread 0x0000000025332800 Uncommon trap: reason=bimorphic action=maybe_recompile pc=0x0000000007e563d0 method=com.sun.tools.javac.jvm.ClassWriter.enterInner(Lcom/sun/tools/javac/code/Symbol$ClassSymbol;)V @ 146
Event: 25467.806 Thread 0x0000000025887000 Uncommon trap: reason=unstable_if action=reinterpret pc=0x00000000064d6e3c method=java.util.concurrent.locks.LockSupport.unpark(Ljava/lang/Thread;)V @ 1

Classes redefined (0 events):
No events

Internal exceptions (10 events):
Event: 25210.488 Thread 0x00000000222aa000 Exception <a 'sun/nio/fs/WindowsException'> (0x000000077b0c9cc0) thrown at [D:\src\AOSP-openjdk-cygwin\jdk8u\hotspot\src\share\vm\prims\jni.cpp, line 709]
Event: 25210.489 Thread 0x00000000222a9000 Exception <a 'sun/nio/fs/WindowsException'> (0x000000077c1597c8) thrown at [D:\src\AOSP-openjdk-cygwin\jdk8u\hotspot\src\share\vm\prims\jni.cpp, line 709]
Event: 25210.756 Thread 0x0000000025bf0000 Exception <a 'sun/nio/fs/WindowsException'> (0x000000077cb62ad8) thrown at [D:\src\AOSP-openjdk-cygwin\jdk8u\hotspot\src\share\vm\prims\jni.cpp, line 709]
Event: 25210.768 Thread 0x00000000222a9000 Exception <a 'sun/nio/fs/WindowsException'> (0x000000077d2b9c10) thrown at [D:\src\AOSP-openjdk-cygwin\jdk8u\hotspot\src\share\vm\prims\jni.cpp, line 709]
Event: 25266.568 Thread 0x000000002587e000 Exception <a 'sun/nio/fs/WindowsException'> (0x000000077edbb828) thrown at [D:\src\AOSP-openjdk-cygwin\jdk8u\hotspot\src\share\vm\prims\jni.cpp, line 709]
Event: 25271.848 Thread 0x00000000222a9000 Exception <a 'sun/nio/fs/WindowsException'> (0x000000077d7a0150) thrown at [D:\src\AOSP-openjdk-cygwin\jdk8u\hotspot\src\share\vm\prims\jni.cpp, line 709]
Event: 25271.862 Thread 0x0000000028223800 Exception <a 'sun/nio/fs/WindowsException'> (0x000000077dd5f388) thrown at [D:\src\AOSP-openjdk-cygwin\jdk8u\hotspot\src\share\vm\prims\jni.cpp, line 709]
Event: 25272.115 Thread 0x00000000222a9000 Exception <a 'sun/nio/fs/WindowsException'> (0x000000077e765dc8) thrown at [D:\src\AOSP-openjdk-cygwin\jdk8u\hotspot\src\share\vm\prims\jni.cpp, line 709]
Event: 25272.126 Thread 0x00000000222aa000 Exception <a 'sun/nio/fs/WindowsException'> (0x000000077eea9580) thrown at [D:\src\AOSP-openjdk-cygwin\jdk8u\hotspot\src\share\vm\prims\jni.cpp, line 709]
Event: 25467.638 Thread 0x000000002587e000 Exception <a 'sun/nio/fs/WindowsException'> (0x0000000780b2b528) thrown at [D:\src\AOSP-openjdk-cygwin\jdk8u\hotspot\src\share\vm\prims\jni.cpp, line 709]

Events (10 events):
Event: 25467.700 Executing VM operation: BulkRevokeBias done
Event: 25467.705 Executing VM operation: BulkRevokeBias
Event: 25467.706 Executing VM operation: BulkRevokeBias done
Event: 25467.755 Executing VM operation: BulkRevokeBias
Event: 25467.756 Executing VM operation: BulkRevokeBias done
Event: 25467.806 Executing VM operation: RevokeBias
Event: 25467.806 Executing VM operation: RevokeBias done
Event: 25467.806 Thread 0x0000000025887000 Uncommon trap: trap_request=0xffffff65 fr.pc=0x00000000064d6e3c
Event: 25467.807 Thread 0x0000000025887000 DEOPT PACKING pc=0x00000000064d6e3c sp=0x00000000511cebd0
Event: 25467.807 Thread 0x0000000025887000 DEOPT UNPACKING pc=0x0000000004fd557b sp=0x00000000511ce7f8 mode 2


Dynamic libraries:
0x00007ff6b8510000 - 0x00007ff6b8541000 	C:\Program Files\Android\Android Studio\jre\bin\java.exe
0x00007ff820c50000 - 0x00007ff820e30000 	C:\WINDOWS\SYSTEM32\ntdll.dll
0x00007ff81fc60000 - 0x00007ff81fd0e000 	C:\WINDOWS\System32\KERNEL32.DLL
0x00007ff81d530000 - 0x00007ff81d796000 	C:\WINDOWS\System32\KERNELBASE.dll
0x00007ff81e4c0000 - 0x00007ff81e561000 	C:\WINDOWS\System32\ADVAPI32.dll
0x00007ff820220000 - 0x00007ff8202bd000 	C:\WINDOWS\System32\msvcrt.dll
0x00007ff81e120000 - 0x00007ff81e17b000 	C:\WINDOWS\System32\sechost.dll
0x00007ff81fd10000 - 0x00007ff81fe2f000 	C:\WINDOWS\System32\RPCRT4.dll
0x00007ff81e2d0000 - 0x00007ff81e45f000 	C:\WINDOWS\System32\USER32.dll
0x00007ff81d050000 - 0x00007ff81d070000 	C:\WINDOWS\System32\win32u.dll
0x00007ff81ff80000 - 0x00007ff81ffa8000 	C:\WINDOWS\System32\GDI32.dll
0x00007ff81d070000 - 0x00007ff81d203000 	C:\WINDOWS\System32\gdi32full.dll
0x00007ff81d490000 - 0x00007ff81d52b000 	C:\WINDOWS\System32\msvcp_win.dll
0x00007ff81d310000 - 0x00007ff81d406000 	C:\WINDOWS\System32\ucrtbase.dll
0x00007ff80f1c0000 - 0x00007ff80f429000 	C:\WINDOWS\WinSxS\amd64_microsoft.windows.common-controls_6595b64144ccf1df_6.0.16299.371_none_15c7d1789365a290\COMCTL32.dll
0x00007ff8204c0000 - 0x00007ff8207c8000 	C:\WINDOWS\System32\combase.dll
0x00007ff81d410000 - 0x00007ff81d482000 	C:\WINDOWS\System32\bcryptPrimitives.dll
0x00007ff8202c0000 - 0x00007ff8202ed000 	C:\WINDOWS\System32\IMM32.DLL
0x0000000068e80000 - 0x0000000068f52000 	C:\Program Files\Android\Android Studio\jre\jre\bin\msvcr100.dll
0x0000000068380000 - 0x0000000068bbf000 	C:\Program Files\Android\Android Studio\jre\jre\bin\server\jvm.dll
0x00007ff81ffc0000 - 0x00007ff81ffc8000 	C:\WINDOWS\System32\PSAPI.DLL
0x00007ffff3fd0000 - 0x00007ffff3fd9000 	C:\WINDOWS\SYSTEM32\WSOCK32.dll
0x00007ff8186e0000 - 0x00007ff818703000 	C:\WINDOWS\SYSTEM32\WINMM.dll
0x00007ff8181d0000 - 0x00007ff8181da000 	C:\WINDOWS\SYSTEM32\VERSION.dll
0x00007ff81fb70000 - 0x00007ff81fbdc000 	C:\WINDOWS\System32\WS2_32.dll
0x00007ff818680000 - 0x00007ff8186aa000 	C:\WINDOWS\SYSTEM32\WINMMBASE.dll
0x00007ff81d2c0000 - 0x00007ff81d30a000 	C:\WINDOWS\System32\cfgmgr32.dll
0x00007ff81aee0000 - 0x00007ff81aeef000 	C:\Program Files\Android\Android Studio\jre\jre\bin\verify.dll
0x00007ff816ae0000 - 0x00007ff816b09000 	C:\Program Files\Android\Android Studio\jre\jre\bin\java.dll
0x00007ff816d10000 - 0x00007ff816d26000 	C:\Program Files\Android\Android Studio\jre\jre\bin\zip.dll
0x00007ff81e570000 - 0x00007ff81f9a6000 	C:\WINDOWS\System32\SHELL32.dll
0x00007ff81f9b0000 - 0x00007ff81fa56000 	C:\WINDOWS\System32\shcore.dll
0x00007ff81d9d0000 - 0x00007ff81e117000 	C:\WINDOWS\System32\windows.storage.dll
0x00007ff81e460000 - 0x00007ff81e4b1000 	C:\WINDOWS\System32\shlwapi.dll
0x00007ff81d030000 - 0x00007ff81d041000 	C:\WINDOWS\System32\kernel.appcore.dll
0x00007ff81cfe0000 - 0x00007ff81d02c000 	C:\WINDOWS\System32\powrprof.dll
0x00007ff81cfc0000 - 0x00007ff81cfdb000 	C:\WINDOWS\System32\profapi.dll
0x00007ff816ac0000 - 0x00007ff816ada000 	C:\Program Files\Android\Android Studio\jre\jre\bin\net.dll
0x00007ff81c830000 - 0x00007ff81c896000 	C:\WINDOWS\system32\mswsock.dll
0x00007ff816aa0000 - 0x00007ff816ab1000 	C:\Program Files\Android\Android Studio\jre\jre\bin\nio.dll
0x00007ff818e10000 - 0x00007ff818e2e000 	C:\Users\khris\.gradle\native\25\windows-amd64\native-platform.dll
0x00007ff81a6e0000 - 0x00007ff81a6ed000 	C:\Program Files\Android\Android Studio\jre\jre\bin\management.dll
0x00007ff81ca00000 - 0x00007ff81ca17000 	C:\WINDOWS\SYSTEM32\CRYPTSP.dll
0x00007ff81c430000 - 0x00007ff81c463000 	C:\WINDOWS\system32\rsaenh.dll
0x00007ff81cb00000 - 0x00007ff81cb25000 	C:\WINDOWS\SYSTEM32\bcrypt.dll
0x00007ff81ced0000 - 0x00007ff81cef9000 	C:\WINDOWS\SYSTEM32\USERENV.dll
0x00007ff81c9f0000 - 0x00007ff81c9fb000 	C:\WINDOWS\SYSTEM32\CRYPTBASE.dll
0x00007ff81c5c0000 - 0x00007ff81c5f9000 	C:\WINDOWS\SYSTEM32\IPHLPAPI.DLL
0x00007ff820210000 - 0x00007ff820218000 	C:\WINDOWS\System32\NSI.dll
0x00007ff818490000 - 0x00007ff8184a6000 	C:\WINDOWS\SYSTEM32\dhcpcsvc6.DLL
0x00007ff8188e0000 - 0x00007ff8188fa000 	C:\WINDOWS\SYSTEM32\dhcpcsvc.DLL
0x00007ff80da40000 - 0x00007ff80dbd6000 	C:\Program Files\Android\Android Studio\jre\jre\bin\awt.dll
0x00007ff81e200000 - 0x00007ff81e2c5000 	C:\WINDOWS\System32\OLEAUT32.dll
0x00007ff81a6f0000 - 0x00007ff81aca8000 	C:\WINDOWS\SYSTEM32\d2d1.dll
0x00007ff81d800000 - 0x00007ff81d9ce000 	C:\WINDOWS\System32\CRYPT32.dll
0x00007ff81cfa0000 - 0x00007ff81cfb2000 	C:\WINDOWS\System32\MSASN1.dll
0x00007ff81b450000 - 0x00007ff81b4d8000 	C:\WINDOWS\SYSTEM32\apphelp.dll
0x00007ff81b840000 - 0x00007ff81b86a000 	C:\WINDOWS\system32\DWMAPI.DLL
0x00007ff81b580000 - 0x00007ff81b615000 	C:\WINDOWS\system32\uxtheme.dll
0x00007ff81c0d0000 - 0x00007ff81c101000 	C:\WINDOWS\SYSTEM32\ntmarta.dll

VM Arguments:
jvm_args: -Xmx1536m -Dfile.encoding=windows-1252 -Duser.country=FR -Duser.language=fr -Duser.variant -Xmx4096m 
java_command: org.gradle.launcher.daemon.bootstrap.GradleDaemon 4.4
java_class_path (initial): C:\Users\khris\.gradle\wrapper\dists\gradle-4.4-all\9br9xq1tocpiv8o6njlyu5op1\gradle-4.4\lib\gradle-launcher-4.4.jar
Launcher Type: SUN_STANDARD

Environment Variables:
JAVA_HOME=C:\Program Files\Java\jdk1.8.0_162\
_JAVA_OPTIONS=-Xmx4096m
PATH=C:\Program Files\HPE\NV\lib\shunra\vcat;C:\ProgramData\Oracle\Java\javapath;C:\Windows\system32;C:\Windows;C:\Windows\System32\Wbem;C:\Windows\System32\WindowsPowerShell\v1.0\;C:\Program Files (x86)\NVIDIA Corporation\PhysX\Common;C:\Program Files\Common Files\Autodesk Shared\;C:\Program Files\Java\jdk1.8.0_162\bin;C:\Program Files\Microsoft\Web Platform Installer\;C:\Program Files (x86)\Microsoft ASP.NET\ASP.NET Web Pages\v1.0\;C:\Program Files (x86)\Windows Kits\8.0\Windows Performance Toolkit\;C:\Program Files\Microsoft SQL Server\110\Tools\Binn\;C:\Program Files\PuTTY\;C:\Program Files\nodejs\;C:\ProgramData\chocolatey\bin;C:\Program Files (x86)\PostgreSQL\9.5\bin;C:\jruby-9.1.14.0\bin;C:\Program Files\Git\cmd;C:\Program Files (x86)\Gpg4win\..\GnuPG\bin;C:\Program Files (x86)\QuickTime\QTSystem\;C:\WINDOWS\system32;C:\WINDOWS;C:\WINDOWS\System32\Wbem;C:\WINDOWS\System32\WindowsPowerShell\v1.0\;F:\Program Files (x86)\LoadRunner\strawberry-perl\perl\bin;C:\strawberry\c\bin;C:\strawberry\perl\bin;C:\Ruby23-x64\bin;c:\jruby-9.1.14.0\bin;C:\Ruby24-x64\bin;C:\Users\khris\AppData\Local\Programs\Python\Python36-32\Scripts\;C:\Users\khris\AppData\Local\Programs\Python\Python36-32\;C:\Users\khris\AppData\Roaming\npm;C:\Program Files\Heroku\bin;C:\Program Files (x86)\PostgreSQL\9.5\bin;C:\msys64\mingw64;C:\msys64\mingw32\bin;C:\jruby-9.1.14.0\bin;C:\Users\khris\AppData\Local\Microsoft\WindowsApps;C:\Program Files\Java\jdk1.8.0_162\bin;
USERNAME=khris
OS=Windows_NT
PROCESSOR_IDENTIFIER=Intel64 Family 6 Model 45 Stepping 7, GenuineIntel



---------------  S Y S T E M  ---------------

OS: Windows 10.0 , 64 bit Build 16299 (10.0.16299.15)

CPU:total 8 (initial active 8) (4 cores per cpu, 2 threads per core) family 6 model 45 stepping 7, cmov, cx8, fxsr, mmx, sse, sse2, sse3, ssse3, sse4.1, sse4.2, popcnt, avx, aes, clmul, ht, tsc, tscinvbit, tscinv

Memory: 4k page, physical 16716660k(7922280k free), swap 17765236k(6116k free)

vm_info: OpenJDK 64-Bit Server VM (25.152-b02) for windows-amd64 JRE (1.8.0_152-release-1024-b02), built by "builder" with MS VC++ 10.0 (VS2010)

time: Mon Apr 30 17:51:41 2018
elapsed time: 25468 seconds (0d 7h 4m 28s)

